{"/Users/Shared/jbt/Extend/src/App.tsx": {"path":"/Users/Shared/jbt/Extend/src/App.tsx","statementMap":{"0":{"start":{"line":25,"column":14},"end":{"line":30,"column":1}},"1":{"start":{"line":29,"column":33},"end":{"line":29,"column":74}},"2":{"start":{"line":32,"column":20},"end":{"line":39,"column":1}},"3":{"start":{"line":33,"column":33},"end":{"line":33,"column":73}},"4":{"start":{"line":37,"column":27},"end":{"line":37,"column":69}},"5":{"start":{"line":41,"column":12},"end":{"line":125,"column":1}},"6":{"start":{"line":42,"column":19},"end":{"line":42,"column":32}},"7":{"start":{"line":43,"column":2},"end":{"line":124,"column":4}},"8":{"start":{"line":54,"column":18},"end":{"line":54,"column":59}},"9":{"start":{"line":74,"column":18},"end":{"line":74,"column":71}},"10":{"start":{"line":99,"column":18},"end":{"line":99,"column":66}},"11":{"start":{"line":112,"column":22},"end":{"line":112,"column":63}}},"fnMap":{"0":{"name":"(anonymous_0)","decl":{"start":{"line":29,"column":22},"end":{"line":29,"column":23}},"loc":{"start":{"line":29,"column":33},"end":{"line":29,"column":74}},"line":29},"1":{"name":"(anonymous_1)","decl":{"start":{"line":33,"column":22},"end":{"line":33,"column":23}},"loc":{"start":{"line":33,"column":33},"end":{"line":33,"column":73}},"line":33},"2":{"name":"(anonymous_2)","decl":{"start":{"line":37,"column":16},"end":{"line":37,"column":17}},"loc":{"start":{"line":37,"column":27},"end":{"line":37,"column":69}},"line":37},"3":{"name":"(anonymous_3)","decl":{"start":{"line":41,"column":12},"end":{"line":41,"column":13}},"loc":{"start":{"line":41,"column":32},"end":{"line":125,"column":1}},"line":41},"4":{"name":"(anonymous_4)","decl":{"start":{"line":53,"column":24},"end":{"line":53,"column":25}},"loc":{"start":{"line":53,"column":30},"end":{"line":55,"column":17}},"line":53},"5":{"name":"(anonymous_5)","decl":{"start":{"line":73,"column":24},"end":{"line":73,"column":25}},"loc":{"start":{"line":73,"column":30},"end":{"line":75,"column":17}},"line":73},"6":{"name":"(anonymous_6)","decl":{"start":{"line":98,"column":24},"end":{"line":98,"column":25}},"loc":{"start":{"line":98,"column":30},"end":{"line":100,"column":17}},"line":98},"7":{"name":"(anonymous_7)","decl":{"start":{"line":111,"column":29},"end":{"line":111,"column":30}},"loc":{"start":{"line":111,"column":35},"end":{"line":113,"column":21}},"line":111}},"branchMap":{},"s":{"0":1,"1":1,"2":1,"3":1,"4":1,"5":1,"6":1,"7":1,"8":1,"9":0,"10":0,"11":0},"f":{"0":1,"1":1,"2":1,"3":1,"4":1,"5":0,"6":0,"7":0},"b":{},"_coverageSchema":"1a1c01bbd47fc00a2c39e90264f33305004495a9","hash":"46545e0ee1711099647f359c457d206be45b5f65"}
,"/Users/Shared/jbt/Extend/src/index.tsx": {"path":"/Users/Shared/jbt/Extend/src/index.tsx","statementMap":{"0":{"start":{"line":12,"column":0},"end":{"line":19,"column":2}},"1":{"start":{"line":24,"column":0},"end":{"line":24,"column":37}},"2":{"start":{"line":29,"column":0},"end":{"line":29,"column":18}}},"fnMap":{},"branchMap":{},"s":{"0":0,"1":0,"2":0},"f":{},"b":{}}
,"/Users/Shared/jbt/Extend/src/reportWebVitals.ts": {"path":"/Users/Shared/jbt/Extend/src/reportWebVitals.ts","statementMap":{"0":{"start":{"line":3,"column":24},"end":{"line":13,"column":1}},"1":{"start":{"line":4,"column":2},"end":{"line":12,"column":3}},"2":{"start":{"line":5,"column":4},"end":{"line":11,"column":7}},"3":{"start":{"line":6,"column":6},"end":{"line":6,"column":26}},"4":{"start":{"line":7,"column":6},"end":{"line":7,"column":26}},"5":{"start":{"line":8,"column":6},"end":{"line":8,"column":26}},"6":{"start":{"line":9,"column":6},"end":{"line":9,"column":26}},"7":{"start":{"line":10,"column":6},"end":{"line":10,"column":27}}},"fnMap":{"0":{"name":"(anonymous_0)","decl":{"start":{"line":3,"column":24},"end":{"line":3,"column":25}},"loc":{"start":{"line":3,"column":63},"end":{"line":13,"column":1}},"line":3},"1":{"name":"(anonymous_1)","decl":{"start":{"line":5,"column":30},"end":{"line":5,"column":31}},"loc":{"start":{"line":5,"column":79},"end":{"line":11,"column":5}},"line":5}},"branchMap":{"0":{"loc":{"start":{"line":4,"column":2},"end":{"line":12,"column":3}},"type":"if","locations":[{"start":{"line":4,"column":2},"end":{"line":12,"column":3}},{"start":{"line":4,"column":2},"end":{"line":12,"column":3}}],"line":4},"1":{"loc":{"start":{"line":4,"column":6},"end":{"line":4,"column":52}},"type":"binary-expr","locations":[{"start":{"line":4,"column":6},"end":{"line":4,"column":17}},{"start":{"line":4,"column":21},"end":{"line":4,"column":52}}],"line":4}},"s":{"0":0,"1":0,"2":0,"3":0,"4":0,"5":0,"6":0,"7":0},"f":{"0":0,"1":0},"b":{"0":[0,0],"1":[0,0]}}
,"/Users/Shared/jbt/Extend/src/service-worker.ts": {"path":"/Users/Shared/jbt/Extend/src/service-worker.ts","statementMap":{"0":{"start":{"line":19,"column":0},"end":{"line":19,"column":15}},"1":{"start":{"line":25,"column":0},"end":{"line":25,"column":37}},"2":{"start":{"line":30,"column":28},"end":{"line":30,"column":58}},"3":{"start":{"line":31,"column":0},"end":{"line":54,"column":2}},"4":{"start":{"line":35,"column":4},"end":{"line":37,"column":5}},"5":{"start":{"line":36,"column":6},"end":{"line":36,"column":19}},"6":{"start":{"line":40,"column":4},"end":{"line":42,"column":5}},"7":{"start":{"line":41,"column":6},"end":{"line":41,"column":19}},"8":{"start":{"line":46,"column":4},"end":{"line":48,"column":5}},"9":{"start":{"line":47,"column":6},"end":{"line":47,"column":19}},"10":{"start":{"line":51,"column":4},"end":{"line":51,"column":16}},"11":{"start":{"line":58,"column":0},"end":{"line":70,"column":2}},"12":{"start":{"line":60,"column":15},"end":{"line":60,"column":83}},"13":{"start":{"line":74,"column":0},"end":{"line":78,"column":3}},"14":{"start":{"line":75,"column":2},"end":{"line":77,"column":3}},"15":{"start":{"line":76,"column":4},"end":{"line":76,"column":23}}},"fnMap":{"0":{"name":"(anonymous_0)","decl":{"start":{"line":33,"column":2},"end":{"line":33,"column":3}},"loc":{"start":{"line":33,"column":56},"end":{"line":52,"column":3}},"line":33},"1":{"name":"(anonymous_1)","decl":{"start":{"line":60,"column":2},"end":{"line":60,"column":3}},"loc":{"start":{"line":60,"column":15},"end":{"line":60,"column":83}},"line":60},"2":{"name":"(anonymous_2)","decl":{"start":{"line":74,"column":33},"end":{"line":74,"column":34}},"loc":{"start":{"line":74,"column":44},"end":{"line":78,"column":1}},"line":74}},"branchMap":{"0":{"loc":{"start":{"line":35,"column":4},"end":{"line":37,"column":5}},"type":"if","locations":[{"start":{"line":35,"column":4},"end":{"line":37,"column":5}},{"start":{"line":35,"column":4},"end":{"line":37,"column":5}}],"line":35},"1":{"loc":{"start":{"line":40,"column":4},"end":{"line":42,"column":5}},"type":"if","locations":[{"start":{"line":40,"column":4},"end":{"line":42,"column":5}},{"start":{"line":40,"column":4},"end":{"line":42,"column":5}}],"line":40},"2":{"loc":{"start":{"line":46,"column":4},"end":{"line":48,"column":5}},"type":"if","locations":[{"start":{"line":46,"column":4},"end":{"line":48,"column":5}},{"start":{"line":46,"column":4},"end":{"line":48,"column":5}}],"line":46},"3":{"loc":{"start":{"line":60,"column":15},"end":{"line":60,"column":83}},"type":"binary-expr","locations":[{"start":{"line":60,"column":15},"end":{"line":60,"column":50}},{"start":{"line":60,"column":54},"end":{"line":60,"column":83}}],"line":60},"4":{"loc":{"start":{"line":75,"column":2},"end":{"line":77,"column":3}},"type":"if","locations":[{"start":{"line":75,"column":2},"end":{"line":77,"column":3}},{"start":{"line":75,"column":2},"end":{"line":77,"column":3}}],"line":75},"5":{"loc":{"start":{"line":75,"column":6},"end":{"line":75,"column":54}},"type":"binary-expr","locations":[{"start":{"line":75,"column":6},"end":{"line":75,"column":16}},{"start":{"line":75,"column":20},"end":{"line":75,"column":54}}],"line":75}},"s":{"0":0,"1":0,"2":0,"3":0,"4":0,"5":0,"6":0,"7":0,"8":0,"9":0,"10":0,"11":0,"12":0,"13":0,"14":0,"15":0},"f":{"0":0,"1":0,"2":0},"b":{"0":[0,0],"1":[0,0],"2":[0,0],"3":[0,0],"4":[0,0],"5":[0,0]}}
,"/Users/Shared/jbt/Extend/src/serviceWorkerRegistration.ts": {"path":"/Users/Shared/jbt/Extend/src/serviceWorkerRegistration.ts","statementMap":{"0":{"start":{"line":13,"column":20},"end":{"line":19,"column":1}},"1":{"start":{"line":27,"column":2},"end":{"line":57,"column":3}},"2":{"start":{"line":29,"column":22},"end":{"line":29,"column":75}},"3":{"start":{"line":30,"column":4},"end":{"line":35,"column":5}},"4":{"start":{"line":34,"column":6},"end":{"line":34,"column":13}},"5":{"start":{"line":37,"column":4},"end":{"line":56,"column":7}},"6":{"start":{"line":38,"column":20},"end":{"line":38,"column":65}},"7":{"start":{"line":40,"column":6},"end":{"line":55,"column":7}},"8":{"start":{"line":42,"column":8},"end":{"line":42,"column":47}},"9":{"start":{"line":46,"column":8},"end":{"line":51,"column":11}},"10":{"start":{"line":47,"column":10},"end":{"line":50,"column":12}},"11":{"start":{"line":54,"column":8},"end":{"line":54,"column":39}},"12":{"start":{"line":61,"column":2},"end":{"line":101,"column":7}},"13":{"start":{"line":64,"column":6},"end":{"line":97,"column":8}},"14":{"start":{"line":65,"column":33},"end":{"line":65,"column":56}},"15":{"start":{"line":66,"column":8},"end":{"line":68,"column":9}},"16":{"start":{"line":67,"column":10},"end":{"line":67,"column":17}},"17":{"start":{"line":69,"column":8},"end":{"line":96,"column":10}},"18":{"start":{"line":70,"column":10},"end":{"line":95,"column":11}},"19":{"start":{"line":71,"column":12},"end":{"line":94,"column":13}},"20":{"start":{"line":75,"column":14},"end":{"line":78,"column":16}},"21":{"start":{"line":81,"column":14},"end":{"line":83,"column":15}},"22":{"start":{"line":82,"column":16},"end":{"line":82,"column":46}},"23":{"start":{"line":88,"column":14},"end":{"line":88,"column":64}},"24":{"start":{"line":91,"column":14},"end":{"line":93,"column":15}},"25":{"start":{"line":92,"column":16},"end":{"line":92,"column":47}},"26":{"start":{"line":100,"column":6},"end":{"line":100,"column":72}},"27":{"start":{"line":106,"column":2},"end":{"line":129,"column":7}},"28":{"start":{"line":111,"column":26},"end":{"line":111,"column":62}},"29":{"start":{"line":112,"column":6},"end":{"line":125,"column":7}},"30":{"start":{"line":117,"column":8},"end":{"line":121,"column":11}},"31":{"start":{"line":118,"column":10},"end":{"line":120,"column":13}},"32":{"start":{"line":119,"column":12},"end":{"line":119,"column":37}},"33":{"start":{"line":124,"column":8},"end":{"line":124,"column":39}},"34":{"start":{"line":128,"column":6},"end":{"line":128,"column":83}},"35":{"start":{"line":133,"column":2},"end":{"line":141,"column":3}},"36":{"start":{"line":134,"column":4},"end":{"line":140,"column":9}},"37":{"start":{"line":136,"column":8},"end":{"line":136,"column":34}},"38":{"start":{"line":139,"column":8},"end":{"line":139,"column":37}}},"fnMap":{"0":{"name":"register","decl":{"start":{"line":26,"column":16},"end":{"line":26,"column":24}},"loc":{"start":{"line":26,"column":48},"end":{"line":58,"column":1}},"line":26},"1":{"name":"(anonymous_1)","decl":{"start":{"line":37,"column":36},"end":{"line":37,"column":37}},"loc":{"start":{"line":37,"column":42},"end":{"line":56,"column":5}},"line":37},"2":{"name":"(anonymous_2)","decl":{"start":{"line":46,"column":43},"end":{"line":46,"column":44}},"loc":{"start":{"line":46,"column":49},"end":{"line":51,"column":9}},"line":46},"3":{"name":"registerValidSW","decl":{"start":{"line":60,"column":9},"end":{"line":60,"column":24}},"loc":{"start":{"line":60,"column":57},"end":{"line":102,"column":1}},"line":60},"4":{"name":"(anonymous_4)","decl":{"start":{"line":63,"column":10},"end":{"line":63,"column":11}},"loc":{"start":{"line":63,"column":28},"end":{"line":98,"column":5}},"line":63},"5":{"name":"(anonymous_5)","decl":{"start":{"line":64,"column":35},"end":{"line":64,"column":36}},"loc":{"start":{"line":64,"column":41},"end":{"line":97,"column":7}},"line":64},"6":{"name":"(anonymous_6)","decl":{"start":{"line":69,"column":41},"end":{"line":69,"column":42}},"loc":{"start":{"line":69,"column":47},"end":{"line":96,"column":9}},"line":69},"7":{"name":"(anonymous_7)","decl":{"start":{"line":99,"column":11},"end":{"line":99,"column":12}},"loc":{"start":{"line":99,"column":22},"end":{"line":101,"column":5}},"line":99},"8":{"name":"checkValidServiceWorker","decl":{"start":{"line":104,"column":9},"end":{"line":104,"column":32}},"loc":{"start":{"line":104,"column":65},"end":{"line":130,"column":1}},"line":104},"9":{"name":"(anonymous_9)","decl":{"start":{"line":109,"column":10},"end":{"line":109,"column":11}},"loc":{"start":{"line":109,"column":24},"end":{"line":126,"column":5}},"line":109},"10":{"name":"(anonymous_10)","decl":{"start":{"line":117,"column":43},"end":{"line":117,"column":44}},"loc":{"start":{"line":117,"column":61},"end":{"line":121,"column":9}},"line":117},"11":{"name":"(anonymous_11)","decl":{"start":{"line":118,"column":41},"end":{"line":118,"column":42}},"loc":{"start":{"line":118,"column":47},"end":{"line":120,"column":11}},"line":118},"12":{"name":"(anonymous_12)","decl":{"start":{"line":127,"column":11},"end":{"line":127,"column":12}},"loc":{"start":{"line":127,"column":17},"end":{"line":129,"column":5}},"line":127},"13":{"name":"unregister","decl":{"start":{"line":132,"column":16},"end":{"line":132,"column":26}},"loc":{"start":{"line":132,"column":35},"end":{"line":142,"column":1}},"line":132},"14":{"name":"(anonymous_14)","decl":{"start":{"line":135,"column":12},"end":{"line":135,"column":13}},"loc":{"start":{"line":135,"column":30},"end":{"line":137,"column":7}},"line":135},"15":{"name":"(anonymous_15)","decl":{"start":{"line":138,"column":13},"end":{"line":138,"column":14}},"loc":{"start":{"line":138,"column":24},"end":{"line":140,"column":7}},"line":138}},"branchMap":{"0":{"loc":{"start":{"line":14,"column":2},"end":{"line":18,"column":92}},"type":"binary-expr","locations":[{"start":{"line":14,"column":2},"end":{"line":14,"column":42}},{"start":{"line":16,"column":4},"end":{"line":16,"column":40}},{"start":{"line":18,"column":4},"end":{"line":18,"column":92}}],"line":14},"1":{"loc":{"start":{"line":27,"column":2},"end":{"line":57,"column":3}},"type":"if","locations":[{"start":{"line":27,"column":2},"end":{"line":57,"column":3}},{"start":{"line":27,"column":2},"end":{"line":57,"column":3}}],"line":27},"2":{"loc":{"start":{"line":27,"column":6},"end":{"line":27,"column":75}},"type":"binary-expr","locations":[{"start":{"line":27,"column":6},"end":{"line":27,"column":43}},{"start":{"line":27,"column":47},"end":{"line":27,"column":75}}],"line":27},"3":{"loc":{"start":{"line":30,"column":4},"end":{"line":35,"column":5}},"type":"if","locations":[{"start":{"line":30,"column":4},"end":{"line":35,"column":5}},{"start":{"line":30,"column":4},"end":{"line":35,"column":5}}],"line":30},"4":{"loc":{"start":{"line":40,"column":6},"end":{"line":55,"column":7}},"type":"if","locations":[{"start":{"line":40,"column":6},"end":{"line":55,"column":7}},{"start":{"line":40,"column":6},"end":{"line":55,"column":7}}],"line":40},"5":{"loc":{"start":{"line":66,"column":8},"end":{"line":68,"column":9}},"type":"if","locations":[{"start":{"line":66,"column":8},"end":{"line":68,"column":9}},{"start":{"line":66,"column":8},"end":{"line":68,"column":9}}],"line":66},"6":{"loc":{"start":{"line":70,"column":10},"end":{"line":95,"column":11}},"type":"if","locations":[{"start":{"line":70,"column":10},"end":{"line":95,"column":11}},{"start":{"line":70,"column":10},"end":{"line":95,"column":11}}],"line":70},"7":{"loc":{"start":{"line":71,"column":12},"end":{"line":94,"column":13}},"type":"if","locations":[{"start":{"line":71,"column":12},"end":{"line":94,"column":13}},{"start":{"line":71,"column":12},"end":{"line":94,"column":13}}],"line":71},"8":{"loc":{"start":{"line":81,"column":14},"end":{"line":83,"column":15}},"type":"if","locations":[{"start":{"line":81,"column":14},"end":{"line":83,"column":15}},{"start":{"line":81,"column":14},"end":{"line":83,"column":15}}],"line":81},"9":{"loc":{"start":{"line":81,"column":18},"end":{"line":81,"column":43}},"type":"binary-expr","locations":[{"start":{"line":81,"column":18},"end":{"line":81,"column":24}},{"start":{"line":81,"column":28},"end":{"line":81,"column":43}}],"line":81},"10":{"loc":{"start":{"line":91,"column":14},"end":{"line":93,"column":15}},"type":"if","locations":[{"start":{"line":91,"column":14},"end":{"line":93,"column":15}},{"start":{"line":91,"column":14},"end":{"line":93,"column":15}}],"line":91},"11":{"loc":{"start":{"line":91,"column":18},"end":{"line":91,"column":44}},"type":"binary-expr","locations":[{"start":{"line":91,"column":18},"end":{"line":91,"column":24}},{"start":{"line":91,"column":28},"end":{"line":91,"column":44}}],"line":91},"12":{"loc":{"start":{"line":112,"column":6},"end":{"line":125,"column":7}},"type":"if","locations":[{"start":{"line":112,"column":6},"end":{"line":125,"column":7}},{"start":{"line":112,"column":6},"end":{"line":125,"column":7}}],"line":112},"13":{"loc":{"start":{"line":113,"column":8},"end":{"line":114,"column":73}},"type":"binary-expr","locations":[{"start":{"line":113,"column":8},"end":{"line":113,"column":31}},{"start":{"line":114,"column":9},"end":{"line":114,"column":28}},{"start":{"line":114,"column":32},"end":{"line":114,"column":72}}],"line":113},"14":{"loc":{"start":{"line":133,"column":2},"end":{"line":141,"column":3}},"type":"if","locations":[{"start":{"line":133,"column":2},"end":{"line":141,"column":3}},{"start":{"line":133,"column":2},"end":{"line":141,"column":3}}],"line":133}},"s":{"0":0,"1":0,"2":0,"3":0,"4":0,"5":0,"6":0,"7":0,"8":0,"9":0,"10":0,"11":0,"12":0,"13":0,"14":0,"15":0,"16":0,"17":0,"18":0,"19":0,"20":0,"21":0,"22":0,"23":0,"24":0,"25":0,"26":0,"27":0,"28":0,"29":0,"30":0,"31":0,"32":0,"33":0,"34":0,"35":0,"36":0,"37":0,"38":0},"f":{"0":0,"1":0,"2":0,"3":0,"4":0,"5":0,"6":0,"7":0,"8":0,"9":0,"10":0,"11":0,"12":0,"13":0,"14":0,"15":0},"b":{"0":[0,0,0],"1":[0,0],"2":[0,0],"3":[0,0],"4":[0,0],"5":[0,0],"6":[0,0],"7":[0,0],"8":[0,0],"9":[0,0],"10":[0,0],"11":[0,0],"12":[0,0],"13":[0,0,0],"14":[0,0]}}
,"/Users/Shared/jbt/Extend/src/actions/index.ts": {"path":"/Users/Shared/jbt/Extend/src/actions/index.ts","statementMap":{},"fnMap":{},"branchMap":{},"s":{},"f":{},"b":{},"_coverageSchema":"1a1c01bbd47fc00a2c39e90264f33305004495a9","hash":"fe8b5dded4b3db235b67a58f71a70385e24c0101"}
,"/Users/Shared/jbt/Extend/src/actions/user.ts": {"path":"/Users/Shared/jbt/Extend/src/actions/user.ts","statementMap":{},"fnMap":{},"branchMap":{},"s":{},"f":{},"b":{},"_coverageSchema":"1a1c01bbd47fc00a2c39e90264f33305004495a9","hash":"e3fa1645e67f3de83a15bdb65b7c5af8318ac704"}
,"/Users/Shared/jbt/Extend/src/components/index.ts": {"path":"/Users/Shared/jbt/Extend/src/components/index.ts","statementMap":{},"fnMap":{},"branchMap":{},"s":{},"f":{},"b":{},"_coverageSchema":"1a1c01bbd47fc00a2c39e90264f33305004495a9","hash":"33ac7f4ecf3b3c3729fb3682b44b675dffd051c6"}
,"/Users/Shared/jbt/Extend/src/components/BarSeriesCard/BarSeriesCard.tsx": {"path":"/Users/Shared/jbt/Extend/src/components/BarSeriesCard/BarSeriesCard.tsx","statementMap":{"0":{"start":{"line":8,"column":13},"end":{"line":16,"column":1}},"1":{"start":{"line":17,"column":18},"end":{"line":19,"column":1}},"2":{"start":{"line":21,"column":23},"end":{"line":24,"column":1}},"3":{"start":{"line":26,"column":22},"end":{"line":53,"column":1}},"4":{"start":{"line":27,"column":30},"end":{"line":27,"column":41}},"5":{"start":{"line":28,"column":28},"end":{"line":28,"column":39}},"6":{"start":{"line":29,"column":14},"end":{"line":29,"column":42}},"7":{"start":{"line":31,"column":2},"end":{"line":38,"column":5}},"8":{"start":{"line":34,"column":4},"end":{"line":37,"column":5}},"9":{"start":{"line":35,"column":6},"end":{"line":35,"column":42}},"10":{"start":{"line":36,"column":6},"end":{"line":36,"column":40}},"11":{"start":{"line":39,"column":2},"end":{"line":52,"column":4}},"12":{"start":{"line":55,"column":0},"end":{"line":58,"column":2}}},"fnMap":{"0":{"name":"(anonymous_0)","decl":{"start":{"line":26,"column":22},"end":{"line":26,"column":23}},"loc":{"start":{"line":26,"column":77},"end":{"line":53,"column":1}},"line":26},"1":{"name":"(anonymous_1)","decl":{"start":{"line":31,"column":12},"end":{"line":31,"column":13}},"loc":{"start":{"line":31,"column":18},"end":{"line":38,"column":3}},"line":31}},"branchMap":{"0":{"loc":{"start":{"line":34,"column":4},"end":{"line":37,"column":5}},"type":"if","locations":[{"start":{"line":34,"column":4},"end":{"line":37,"column":5}},{"start":{"line":34,"column":4},"end":{"line":37,"column":5}}],"line":34}},"s":{"0":9,"1":9,"2":9,"3":9,"4":5,"5":5,"6":5,"7":5,"8":5,"9":5,"10":5,"11":5,"12":9},"f":{"0":5,"1":5},"b":{"0":[5,0]},"_coverageSchema":"1a1c01bbd47fc00a2c39e90264f33305004495a9","hash":"bdef130e82e85e62ba0754d65e99fbb1063f8a1a"}
,"/Users/Shared/jbt/Extend/src/components/BaseSelect/BaseSelect.tsx": {"path":"/Users/Shared/jbt/Extend/src/components/BaseSelect/BaseSelect.tsx","statementMap":{"0":{"start":{"line":15,"column":24},"end":{"line":19,"column":1}},"1":{"start":{"line":21,"column":21},"end":{"line":61,"column":1}},"2":{"start":{"line":26,"column":28},"end":{"line":26,"column":73}},"3":{"start":{"line":27,"column":26},"end":{"line":27,"column":84}},"4":{"start":{"line":28,"column":28},"end":{"line":28,"column":92}},"5":{"start":{"line":29,"column":28},"end":{"line":29,"column":83}},"6":{"start":{"line":31,"column":4},"end":{"line":33,"column":60}},"7":{"start":{"line":35,"column":4},"end":{"line":41,"column":21}},"8":{"start":{"line":43,"column":24},"end":{"line":43,"column":94}},"9":{"start":{"line":49,"column":23},"end":{"line":49,"column":94}},"10":{"start":{"line":50,"column":27},"end":{"line":50,"column":79}},"11":{"start":{"line":63,"column":19},"end":{"line":76,"column":1}},"12":{"start":{"line":73,"column":4},"end":{"line":75,"column":55}},"13":{"start":{"line":78,"column":19},"end":{"line":109,"column":1}},"14":{"start":{"line":85,"column":2},"end":{"line":108,"column":4}},"15":{"start":{"line":99,"column":10},"end":{"line":101,"column":19}}},"fnMap":{"0":{"name":"(anonymous_0)","decl":{"start":{"line":26,"column":17},"end":{"line":26,"column":18}},"loc":{"start":{"line":26,"column":28},"end":{"line":26,"column":73}},"line":26},"1":{"name":"(anonymous_1)","decl":{"start":{"line":27,"column":15},"end":{"line":27,"column":16}},"loc":{"start":{"line":27,"column":26},"end":{"line":27,"column":84}},"line":27},"2":{"name":"(anonymous_2)","decl":{"start":{"line":28,"column":17},"end":{"line":28,"column":18}},"loc":{"start":{"line":28,"column":28},"end":{"line":28,"column":92}},"line":28},"3":{"name":"(anonymous_3)","decl":{"start":{"line":29,"column":17},"end":{"line":29,"column":18}},"loc":{"start":{"line":29,"column":28},"end":{"line":29,"column":83}},"line":29},"4":{"name":"(anonymous_4)","decl":{"start":{"line":30,"column":11},"end":{"line":30,"column":12}},"loc":{"start":{"line":31,"column":4},"end":{"line":33,"column":60}},"line":31},"5":{"name":"(anonymous_5)","decl":{"start":{"line":34,"column":22},"end":{"line":34,"column":23}},"loc":{"start":{"line":35,"column":4},"end":{"line":41,"column":21}},"line":35},"6":{"name":"(anonymous_6)","decl":{"start":{"line":43,"column":12},"end":{"line":43,"column":13}},"loc":{"start":{"line":43,"column":24},"end":{"line":43,"column":94}},"line":43},"7":{"name":"(anonymous_7)","decl":{"start":{"line":49,"column":12},"end":{"line":49,"column":13}},"loc":{"start":{"line":49,"column":23},"end":{"line":49,"column":94}},"line":49},"8":{"name":"(anonymous_8)","decl":{"start":{"line":50,"column":16},"end":{"line":50,"column":17}},"loc":{"start":{"line":50,"column":27},"end":{"line":50,"column":79}},"line":50},"9":{"name":"(anonymous_9)","decl":{"start":{"line":72,"column":11},"end":{"line":72,"column":12}},"loc":{"start":{"line":73,"column":4},"end":{"line":75,"column":55}},"line":73},"10":{"name":"(anonymous_10)","decl":{"start":{"line":78,"column":19},"end":{"line":78,"column":20}},"loc":{"start":{"line":84,"column":37},"end":{"line":109,"column":1}},"line":84},"11":{"name":"(anonymous_11)","decl":{"start":{"line":98,"column":21},"end":{"line":98,"column":22}},"loc":{"start":{"line":99,"column":10},"end":{"line":101,"column":19}},"line":99}},"branchMap":{"0":{"loc":{"start":{"line":26,"column":28},"end":{"line":26,"column":73}},"type":"binary-expr","locations":[{"start":{"line":26,"column":28},"end":{"line":26,"column":57}},{"start":{"line":26,"column":61},"end":{"line":26,"column":73}}],"line":26},"1":{"loc":{"start":{"line":27,"column":26},"end":{"line":27,"column":84}},"type":"binary-expr","locations":[{"start":{"line":27,"column":26},"end":{"line":27,"column":70}},{"start":{"line":27,"column":74},"end":{"line":27,"column":84}}],"line":27},"2":{"loc":{"start":{"line":28,"column":28},"end":{"line":28,"column":92}},"type":"binary-expr","locations":[{"start":{"line":28,"column":28},"end":{"line":28,"column":78}},{"start":{"line":28,"column":82},"end":{"line":28,"column":92}}],"line":28},"3":{"loc":{"start":{"line":29,"column":28},"end":{"line":29,"column":83}},"type":"binary-expr","locations":[{"start":{"line":29,"column":28},"end":{"line":29,"column":74}},{"start":{"line":29,"column":78},"end":{"line":29,"column":83}}],"line":29},"4":{"loc":{"start":{"line":31,"column":4},"end":{"line":33,"column":60}},"type":"cond-expr","locations":[{"start":{"line":32,"column":8},"end":{"line":32,"column":46}},{"start":{"line":33,"column":8},"end":{"line":33,"column":60}}],"line":31},"5":{"loc":{"start":{"line":31,"column":4},"end":{"line":31,"column":49}},"type":"binary-expr","locations":[{"start":{"line":31,"column":4},"end":{"line":31,"column":17}},{"start":{"line":31,"column":21},"end":{"line":31,"column":49}}],"line":31},"6":{"loc":{"start":{"line":33,"column":8},"end":{"line":33,"column":60}},"type":"binary-expr","locations":[{"start":{"line":33,"column":8},"end":{"line":33,"column":47}},{"start":{"line":33,"column":51},"end":{"line":33,"column":60}}],"line":33},"7":{"loc":{"start":{"line":35,"column":4},"end":{"line":41,"column":21}},"type":"cond-expr","locations":[{"start":{"line":36,"column":8},"end":{"line":40,"column":68}},{"start":{"line":41,"column":8},"end":{"line":41,"column":21}}],"line":35},"8":{"loc":{"start":{"line":36,"column":8},"end":{"line":40,"column":68}},"type":"cond-expr","locations":[{"start":{"line":37,"column":10},"end":{"line":37,"column":48}},{"start":{"line":38,"column":10},"end":{"line":40,"column":68}}],"line":36},"9":{"loc":{"start":{"line":38,"column":10},"end":{"line":40,"column":68}},"type":"cond-expr","locations":[{"start":{"line":39,"column":10},"end":{"line":39,"column":45}},{"start":{"line":40,"column":10},"end":{"line":40,"column":68}}],"line":38},"10":{"loc":{"start":{"line":40,"column":10},"end":{"line":40,"column":68}},"type":"binary-expr","locations":[{"start":{"line":40,"column":10},"end":{"line":40,"column":44}},{"start":{"line":40,"column":48},"end":{"line":40,"column":68}}],"line":40},"11":{"loc":{"start":{"line":43,"column":24},"end":{"line":43,"column":94}},"type":"cond-expr","locations":[{"start":{"line":43,"column":72},"end":{"line":43,"column":85}},{"start":{"line":43,"column":88},"end":{"line":43,"column":94}}],"line":43},"12":{"loc":{"start":{"line":43,"column":24},"end":{"line":43,"column":69}},"type":"binary-expr","locations":[{"start":{"line":43,"column":24},"end":{"line":43,"column":37}},{"start":{"line":43,"column":41},"end":{"line":43,"column":69}}],"line":43},"13":{"loc":{"start":{"line":49,"column":23},"end":{"line":49,"column":94}},"type":"binary-expr","locations":[{"start":{"line":49,"column":23},"end":{"line":49,"column":65}},{"start":{"line":49,"column":69},"end":{"line":49,"column":94}}],"line":49},"14":{"loc":{"start":{"line":50,"column":27},"end":{"line":50,"column":79}},"type":"binary-expr","locations":[{"start":{"line":50,"column":27},"end":{"line":50,"column":69}},{"start":{"line":50,"column":73},"end":{"line":50,"column":79}}],"line":50},"15":{"loc":{"start":{"line":73,"column":4},"end":{"line":75,"column":55}},"type":"cond-expr","locations":[{"start":{"line":74,"column":8},"end":{"line":74,"column":45}},{"start":{"line":75,"column":8},"end":{"line":75,"column":55}}],"line":73},"16":{"loc":{"start":{"line":73,"column":4},"end":{"line":73,"column":49}},"type":"binary-expr","locations":[{"start":{"line":73,"column":4},"end":{"line":73,"column":17}},{"start":{"line":73,"column":21},"end":{"line":73,"column":49}}],"line":73},"17":{"loc":{"start":{"line":75,"column":8},"end":{"line":75,"column":55}},"type":"binary-expr","locations":[{"start":{"line":75,"column":8},"end":{"line":75,"column":42}},{"start":{"line":75,"column":46},"end":{"line":75,"column":55}}],"line":75},"18":{"loc":{"start":{"line":83,"column":2},"end":{"line":83,"column":18}},"type":"default-arg","locations":[{"start":{"line":83,"column":12},"end":{"line":83,"column":18}}],"line":83},"19":{"loc":{"start":{"line":93,"column":9},"end":{"line":97,"column":9}},"type":"binary-expr","locations":[{"start":{"line":93,"column":9},"end":{"line":93,"column":20}},{"start":{"line":94,"column":10},"end":{"line":96,"column":19}}],"line":93}},"s":{"0":9,"1":9,"2":11,"3":11,"4":11,"5":11,"6":11,"7":11,"8":11,"9":11,"10":11,"11":9,"12":11,"13":9,"14":11,"15":38},"f":{"0":11,"1":11,"2":11,"3":11,"4":11,"5":11,"6":11,"7":11,"8":11,"9":11,"10":11,"11":38},"b":{"0":[11,0],"1":[11,0],"2":[11,0],"3":[11,0],"4":[0,11],"5":[11,11],"6":[11,0],"7":[11,0],"8":[0,11],"9":[0,11],"10":[11,0],"11":[0,11],"12":[11,11],"13":[11,0],"14":[11,0],"15":[0,11],"16":[11,11],"17":[11,0],"18":[11],"19":[11,11]},"_coverageSchema":"1a1c01bbd47fc00a2c39e90264f33305004495a9","hash":"dc14053718ce17baaf757c4b0afe3287ba2b75db"}
,"/Users/Shared/jbt/Extend/src/components/BaseTable/BaseTable.tsx": {"path":"/Users/Shared/jbt/Extend/src/components/BaseTable/BaseTable.tsx","statementMap":{"0":{"start":{"line":18,"column":27},"end":{"line":31,"column":1}},"1":{"start":{"line":25,"column":23},"end":{"line":25,"column":65}},"2":{"start":{"line":26,"column":27},"end":{"line":26,"column":69}},"3":{"start":{"line":33,"column":29},"end":{"line":49,"column":1}},"4":{"start":{"line":39,"column":23},"end":{"line":39,"column":65}},"5":{"start":{"line":41,"column":27},"end":{"line":41,"column":69}},"6":{"start":{"line":51,"column":25},"end":{"line":71,"column":1}},"7":{"start":{"line":55,"column":35},"end":{"line":55,"column":76}},"8":{"start":{"line":58,"column":30},"end":{"line":58,"column":80}},"9":{"start":{"line":59,"column":32},"end":{"line":59,"column":84}},"10":{"start":{"line":60,"column":32},"end":{"line":60,"column":88}},"11":{"start":{"line":61,"column":34},"end":{"line":61,"column":76}},"12":{"start":{"line":73,"column":27},"end":{"line":85,"column":1}},"13":{"start":{"line":75,"column":35},"end":{"line":75,"column":76}},"14":{"start":{"line":78,"column":30},"end":{"line":78,"column":80}},"15":{"start":{"line":79,"column":32},"end":{"line":79,"column":84}},"16":{"start":{"line":80,"column":32},"end":{"line":80,"column":88}},"17":{"start":{"line":81,"column":34},"end":{"line":81,"column":76}},"18":{"start":{"line":87,"column":22},"end":{"line":97,"column":1}},"19":{"start":{"line":88,"column":33},"end":{"line":88,"column":74}},"20":{"start":{"line":94,"column":23},"end":{"line":94,"column":65}},"21":{"start":{"line":99,"column":19},"end":{"line":102,"column":1}},"22":{"start":{"line":103,"column":17},"end":{"line":112,"column":1}},"23":{"start":{"line":111,"column":22},"end":{"line":111,"column":54}},"24":{"start":{"line":114,"column":19},"end":{"line":114,"column":37}},"25":{"start":{"line":116,"column":13},"end":{"line":121,"column":1}},"26":{"start":{"line":117,"column":26},"end":{"line":117,"column":74}},"27":{"start":{"line":118,"column":28},"end":{"line":118,"column":78}},"28":{"start":{"line":119,"column":28},"end":{"line":119,"column":82}},"29":{"start":{"line":122,"column":16},"end":{"line":131,"column":1}},"30":{"start":{"line":133,"column":29},"end":{"line":138,"column":1}},"31":{"start":{"line":142,"column":23},"end":{"line":167,"column":1}},"32":{"start":{"line":149,"column":4},"end":{"line":153,"column":14}},"33":{"start":{"line":154,"column":2},"end":{"line":166,"column":4}},"34":{"start":{"line":157,"column":8},"end":{"line":157,"column":34}},"35":{"start":{"line":157,"column":27},"end":{"line":157,"column":34}},"36":{"start":{"line":158,"column":8},"end":{"line":158,"column":31}},"37":{"start":{"line":158,"column":24},"end":{"line":158,"column":31}},"38":{"start":{"line":160,"column":8},"end":{"line":160,"column":37}},"39":{"start":{"line":170,"column":31},"end":{"line":186,"column":1}},"40":{"start":{"line":171,"column":31},"end":{"line":183,"column":4}},"41":{"start":{"line":172,"column":4},"end":{"line":182,"column":6}},"42":{"start":{"line":185,"column":2},"end":{"line":185,"column":30}},"43":{"start":{"line":188,"column":18},"end":{"line":252,"column":1}},"44":{"start":{"line":197,"column":29},"end":{"line":197,"column":79}},"45":{"start":{"line":202,"column":22},"end":{"line":216,"column":3}},"46":{"start":{"line":219,"column":21},"end":{"line":231,"column":3}},"47":{"start":{"line":232,"column":2},"end":{"line":251,"column":4}},"48":{"start":{"line":236,"column":8},"end":{"line":243,"column":9}},"49":{"start":{"line":237,"column":10},"end":{"line":242,"column":12}},"50":{"start":{"line":244,"column":8},"end":{"line":244,"column":20}}},"fnMap":{"0":{"name":"(anonymous_0)","decl":{"start":{"line":25,"column":12},"end":{"line":25,"column":13}},"loc":{"start":{"line":25,"column":23},"end":{"line":25,"column":65}},"line":25},"1":{"name":"(anonymous_1)","decl":{"start":{"line":26,"column":16},"end":{"line":26,"column":17}},"loc":{"start":{"line":26,"column":27},"end":{"line":26,"column":69}},"line":26},"2":{"name":"(anonymous_2)","decl":{"start":{"line":39,"column":12},"end":{"line":39,"column":13}},"loc":{"start":{"line":39,"column":23},"end":{"line":39,"column":65}},"line":39},"3":{"name":"(anonymous_3)","decl":{"start":{"line":41,"column":16},"end":{"line":41,"column":17}},"loc":{"start":{"line":41,"column":27},"end":{"line":41,"column":69}},"line":41},"4":{"name":"(anonymous_4)","decl":{"start":{"line":55,"column":24},"end":{"line":55,"column":25}},"loc":{"start":{"line":55,"column":35},"end":{"line":55,"column":76}},"line":55},"5":{"name":"(anonymous_5)","decl":{"start":{"line":58,"column":19},"end":{"line":58,"column":20}},"loc":{"start":{"line":58,"column":30},"end":{"line":58,"column":80}},"line":58},"6":{"name":"(anonymous_6)","decl":{"start":{"line":59,"column":21},"end":{"line":59,"column":22}},"loc":{"start":{"line":59,"column":32},"end":{"line":59,"column":84}},"line":59},"7":{"name":"(anonymous_7)","decl":{"start":{"line":60,"column":21},"end":{"line":60,"column":22}},"loc":{"start":{"line":60,"column":32},"end":{"line":60,"column":88}},"line":60},"8":{"name":"(anonymous_8)","decl":{"start":{"line":61,"column":23},"end":{"line":61,"column":24}},"loc":{"start":{"line":61,"column":34},"end":{"line":61,"column":76}},"line":61},"9":{"name":"(anonymous_9)","decl":{"start":{"line":75,"column":24},"end":{"line":75,"column":25}},"loc":{"start":{"line":75,"column":35},"end":{"line":75,"column":76}},"line":75},"10":{"name":"(anonymous_10)","decl":{"start":{"line":78,"column":19},"end":{"line":78,"column":20}},"loc":{"start":{"line":78,"column":30},"end":{"line":78,"column":80}},"line":78},"11":{"name":"(anonymous_11)","decl":{"start":{"line":79,"column":21},"end":{"line":79,"column":22}},"loc":{"start":{"line":79,"column":32},"end":{"line":79,"column":84}},"line":79},"12":{"name":"(anonymous_12)","decl":{"start":{"line":80,"column":21},"end":{"line":80,"column":22}},"loc":{"start":{"line":80,"column":32},"end":{"line":80,"column":88}},"line":80},"13":{"name":"(anonymous_13)","decl":{"start":{"line":81,"column":23},"end":{"line":81,"column":24}},"loc":{"start":{"line":81,"column":34},"end":{"line":81,"column":76}},"line":81},"14":{"name":"(anonymous_14)","decl":{"start":{"line":88,"column":22},"end":{"line":88,"column":23}},"loc":{"start":{"line":88,"column":33},"end":{"line":88,"column":74}},"line":88},"15":{"name":"(anonymous_15)","decl":{"start":{"line":94,"column":12},"end":{"line":94,"column":13}},"loc":{"start":{"line":94,"column":23},"end":{"line":94,"column":65}},"line":94},"16":{"name":"(anonymous_16)","decl":{"start":{"line":111,"column":11},"end":{"line":111,"column":12}},"loc":{"start":{"line":111,"column":22},"end":{"line":111,"column":54}},"line":111},"17":{"name":"(anonymous_17)","decl":{"start":{"line":117,"column":15},"end":{"line":117,"column":16}},"loc":{"start":{"line":117,"column":26},"end":{"line":117,"column":74}},"line":117},"18":{"name":"(anonymous_18)","decl":{"start":{"line":118,"column":17},"end":{"line":118,"column":18}},"loc":{"start":{"line":118,"column":28},"end":{"line":118,"column":78}},"line":118},"19":{"name":"(anonymous_19)","decl":{"start":{"line":119,"column":17},"end":{"line":119,"column":18}},"loc":{"start":{"line":119,"column":28},"end":{"line":119,"column":82}},"line":119},"20":{"name":"(anonymous_20)","decl":{"start":{"line":142,"column":23},"end":{"line":142,"column":24}},"loc":{"start":{"line":147,"column":40},"end":{"line":167,"column":1}},"line":147},"21":{"name":"(anonymous_21)","decl":{"start":{"line":156,"column":15},"end":{"line":156,"column":16}},"loc":{"start":{"line":156,"column":21},"end":{"line":161,"column":7}},"line":156},"22":{"name":"(anonymous_22)","decl":{"start":{"line":170,"column":31},"end":{"line":170,"column":32}},"loc":{"start":{"line":170,"column":99},"end":{"line":186,"column":1}},"line":170},"23":{"name":"(anonymous_23)","decl":{"start":{"line":171,"column":49},"end":{"line":171,"column":50}},"loc":{"start":{"line":171,"column":61},"end":{"line":183,"column":3}},"line":171},"24":{"name":"(anonymous_24)","decl":{"start":{"line":188,"column":18},"end":{"line":188,"column":19}},"loc":{"start":{"line":196,"column":39},"end":{"line":252,"column":1}},"line":196},"25":{"name":"(anonymous_25)","decl":{"start":{"line":235,"column":13},"end":{"line":235,"column":14}},"loc":{"start":{"line":235,"column":19},"end":{"line":245,"column":7}},"line":235}},"branchMap":{"0":{"loc":{"start":{"line":149,"column":4},"end":{"line":153,"column":14}},"type":"cond-expr","locations":[{"start":{"line":150,"column":8},"end":{"line":150,"column":18}},{"start":{"line":151,"column":8},"end":{"line":153,"column":14}}],"line":149},"1":{"loc":{"start":{"line":151,"column":8},"end":{"line":153,"column":14}},"type":"cond-expr","locations":[{"start":{"line":152,"column":8},"end":{"line":152,"column":16}},{"start":{"line":153,"column":8},"end":{"line":153,"column":14}}],"line":151},"2":{"loc":{"start":{"line":157,"column":8},"end":{"line":157,"column":34}},"type":"if","locations":[{"start":{"line":157,"column":8},"end":{"line":157,"column":34}},{"start":{"line":157,"column":8},"end":{"line":157,"column":34}}],"line":157},"3":{"loc":{"start":{"line":158,"column":8},"end":{"line":158,"column":31}},"type":"if","locations":[{"start":{"line":158,"column":8},"end":{"line":158,"column":31}},{"start":{"line":158,"column":8},"end":{"line":158,"column":31}}],"line":158},"4":{"loc":{"start":{"line":174,"column":13},"end":{"line":181,"column":22}},"type":"cond-expr","locations":[{"start":{"line":175,"column":10},"end":{"line":180,"column":12}},{"start":{"line":181,"column":10},"end":{"line":181,"column":22}}],"line":174},"5":{"loc":{"start":{"line":207,"column":8},"end":{"line":209,"column":42}},"type":"cond-expr","locations":[{"start":{"line":208,"column":10},"end":{"line":208,"column":69}},{"start":{"line":209,"column":10},"end":{"line":209,"column":42}}],"line":207},"6":{"loc":{"start":{"line":220,"column":11},"end":{"line":220,"column":60}},"type":"cond-expr","locations":[{"start":{"line":220,"column":19},"end":{"line":220,"column":39}},{"start":{"line":220,"column":42},"end":{"line":220,"column":60}}],"line":220},"7":{"loc":{"start":{"line":222,"column":15},"end":{"line":222,"column":60}},"type":"cond-expr","locations":[{"start":{"line":222,"column":23},"end":{"line":222,"column":41}},{"start":{"line":222,"column":44},"end":{"line":222,"column":60}}],"line":222},"8":{"loc":{"start":{"line":236,"column":8},"end":{"line":243,"column":9}},"type":"if","locations":[{"start":{"line":236,"column":8},"end":{"line":243,"column":9}},{"start":{"line":236,"column":8},"end":{"line":243,"column":9}}],"line":236},"9":{"loc":{"start":{"line":239,"column":15},"end":{"line":239,"column":64}},"type":"binary-expr","locations":[{"start":{"line":239,"column":15},"end":{"line":239,"column":24}},{"start":{"line":239,"column":28},"end":{"line":239,"column":64}}],"line":239}},"s":{"0":9,"1":8,"2":8,"3":9,"4":9,"5":9,"6":9,"7":8,"8":8,"9":8,"10":8,"11":8,"12":9,"13":9,"14":9,"15":9,"16":9,"17":9,"18":9,"19":9,"20":9,"21":9,"22":9,"23":232,"24":9,"25":9,"26":131,"27":131,"28":131,"29":9,"30":9,"31":9,"32":59,"33":59,"34":0,"35":0,"36":0,"37":0,"38":0,"39":9,"40":17,"41":93,"42":17,"43":9,"44":17,"45":17,"46":17,"47":17,"48":17,"49":9,"50":8},"f":{"0":8,"1":8,"2":9,"3":9,"4":8,"5":8,"6":8,"7":8,"8":8,"9":9,"10":9,"11":9,"12":9,"13":9,"14":9,"15":9,"16":232,"17":131,"18":131,"19":131,"20":59,"21":0,"22":17,"23":93,"24":17,"25":17},"b":{"0":[0,59],"1":[0,59],"2":[0,0],"3":[0,0],"4":[59,34],"5":[9,8],"6":[9,8],"7":[9,8],"8":[9,8],"9":[9,9]},"_coverageSchema":"1a1c01bbd47fc00a2c39e90264f33305004495a9","hash":"3fb37be7d3389985f03a3e924520d2faa745965d"}
,"/Users/Shared/jbt/Extend/src/components/Button/index.ts": {"path":"/Users/Shared/jbt/Extend/src/components/Button/index.ts","statementMap":{"0":{"start":{"line":8,"column":15},"end":{"line":81,"column":1}},"1":{"start":{"line":13,"column":4},"end":{"line":20,"column":5}},"2":{"start":{"line":15,"column":8},"end":{"line":15,"column":23}},"3":{"start":{"line":17,"column":8},"end":{"line":17,"column":25}},"4":{"start":{"line":19,"column":8},"end":{"line":19,"column":25}},"5":{"start":{"line":23,"column":4},"end":{"line":30,"column":5}},"6":{"start":{"line":25,"column":8},"end":{"line":25,"column":25}},"7":{"start":{"line":27,"column":8},"end":{"line":27,"column":25}},"8":{"start":{"line":29,"column":8},"end":{"line":29,"column":23}},"9":{"start":{"line":34,"column":4},"end":{"line":41,"column":5}},"10":{"start":{"line":36,"column":8},"end":{"line":36,"column":25}},"11":{"start":{"line":38,"column":8},"end":{"line":38,"column":25}},"12":{"start":{"line":40,"column":8},"end":{"line":40,"column":25}},"13":{"start":{"line":55,"column":6},"end":{"line":62,"column":7}},"14":{"start":{"line":57,"column":10},"end":{"line":57,"column":27}},"15":{"start":{"line":59,"column":10},"end":{"line":59,"column":27}},"16":{"start":{"line":61,"column":10},"end":{"line":61,"column":27}},"17":{"start":{"line":65,"column":6},"end":{"line":72,"column":7}},"18":{"start":{"line":67,"column":10},"end":{"line":67,"column":27}},"19":{"start":{"line":69,"column":10},"end":{"line":69,"column":27}},"20":{"start":{"line":71,"column":10},"end":{"line":71,"column":27}}},"fnMap":{"0":{"name":"(anonymous_0)","decl":{"start":{"line":12,"column":11},"end":{"line":12,"column":12}},"loc":{"start":{"line":12,"column":28},"end":{"line":21,"column":3}},"line":12},"1":{"name":"(anonymous_1)","decl":{"start":{"line":22,"column":22},"end":{"line":22,"column":23}},"loc":{"start":{"line":22,"column":39},"end":{"line":31,"column":3}},"line":22},"2":{"name":"(anonymous_2)","decl":{"start":{"line":33,"column":18},"end":{"line":33,"column":19}},"loc":{"start":{"line":33,"column":35},"end":{"line":42,"column":3}},"line":33},"3":{"name":"(anonymous_3)","decl":{"start":{"line":54,"column":24},"end":{"line":54,"column":25}},"loc":{"start":{"line":54,"column":41},"end":{"line":63,"column":5}},"line":54},"4":{"name":"(anonymous_4)","decl":{"start":{"line":64,"column":20},"end":{"line":64,"column":21}},"loc":{"start":{"line":64,"column":37},"end":{"line":73,"column":5}},"line":64}},"branchMap":{"0":{"loc":{"start":{"line":13,"column":4},"end":{"line":20,"column":5}},"type":"switch","locations":[{"start":{"line":14,"column":6},"end":{"line":15,"column":23}},{"start":{"line":16,"column":6},"end":{"line":17,"column":25}},{"start":{"line":18,"column":6},"end":{"line":19,"column":25}}],"line":13},"1":{"loc":{"start":{"line":23,"column":4},"end":{"line":30,"column":5}},"type":"switch","locations":[{"start":{"line":24,"column":6},"end":{"line":25,"column":25}},{"start":{"line":26,"column":6},"end":{"line":27,"column":25}},{"start":{"line":28,"column":6},"end":{"line":29,"column":23}}],"line":23},"2":{"loc":{"start":{"line":34,"column":4},"end":{"line":41,"column":5}},"type":"switch","locations":[{"start":{"line":35,"column":6},"end":{"line":36,"column":25}},{"start":{"line":37,"column":6},"end":{"line":38,"column":25}},{"start":{"line":39,"column":6},"end":{"line":40,"column":25}}],"line":34},"3":{"loc":{"start":{"line":55,"column":6},"end":{"line":62,"column":7}},"type":"switch","locations":[{"start":{"line":56,"column":8},"end":{"line":57,"column":27}},{"start":{"line":58,"column":8},"end":{"line":59,"column":27}},{"start":{"line":60,"column":8},"end":{"line":61,"column":27}}],"line":55},"4":{"loc":{"start":{"line":65,"column":6},"end":{"line":72,"column":7}},"type":"switch","locations":[{"start":{"line":66,"column":8},"end":{"line":67,"column":27}},{"start":{"line":68,"column":8},"end":{"line":69,"column":27}},{"start":{"line":70,"column":8},"end":{"line":71,"column":27}}],"line":65}},"s":{"0":9,"1":3,"2":1,"3":1,"4":1,"5":3,"6":1,"7":1,"8":1,"9":3,"10":1,"11":1,"12":1,"13":3,"14":1,"15":1,"16":1,"17":3,"18":1,"19":1,"20":1},"f":{"0":3,"1":3,"2":3,"3":3,"4":3},"b":{"0":[1,1,1],"1":[1,1,1],"2":[1,1,1],"3":[1,1,1],"4":[1,1,1]},"_coverageSchema":"1a1c01bbd47fc00a2c39e90264f33305004495a9","hash":"e716337fdf93d23a68fcc0fc28a0f1d5e04cdb3d"}
,"/Users/Shared/jbt/Extend/src/components/DashboardMachineCard/DashboardMachineCard.tsx": {"path":"/Users/Shared/jbt/Extend/src/components/DashboardMachineCard/DashboardMachineCard.tsx","statementMap":{"0":{"start":{"line":7,"column":20},"end":{"line":17,"column":1}},"1":{"start":{"line":19,"column":22},"end":{"line":22,"column":1}},"2":{"start":{"line":24,"column":22},"end":{"line":26,"column":1}},"3":{"start":{"line":28,"column":22},"end":{"line":31,"column":1}},"4":{"start":{"line":33,"column":21},"end":{"line":35,"column":1}},"5":{"start":{"line":37,"column":16},"end":{"line":42,"column":1}},"6":{"start":{"line":44,"column":21},"end":{"line":46,"column":1}},"7":{"start":{"line":48,"column":25},"end":{"line":53,"column":1}},"8":{"start":{"line":55,"column":28},"end":{"line":59,"column":1}},"9":{"start":{"line":61,"column":22},"end":{"line":63,"column":1}},"10":{"start":{"line":65,"column":26},"end":{"line":70,"column":1}},"11":{"start":{"line":72,"column":25},"end":{"line":72,"column":80}},"12":{"start":{"line":73,"column":24},"end":{"line":73,"column":60}},"13":{"start":{"line":74,"column":23},"end":{"line":74,"column":46}},"14":{"start":{"line":76,"column":29},"end":{"line":132,"column":1}},"15":{"start":{"line":77,"column":2},"end":{"line":131,"column":4}},"16":{"start":{"line":91,"column":39},"end":{"line":91,"column":49}},"17":{"start":{"line":93,"column":16},"end":{"line":96,"column":38}},"18":{"start":{"line":112,"column":12},"end":{"line":115,"column":34}},"19":{"start":{"line":123,"column":12},"end":{"line":126,"column":34}}},"fnMap":{"0":{"name":"(anonymous_0)","decl":{"start":{"line":76,"column":29},"end":{"line":76,"column":30}},"loc":{"start":{"line":76,"column":74},"end":{"line":132,"column":1}},"line":76},"1":{"name":"(anonymous_1)","decl":{"start":{"line":91,"column":22},"end":{"line":91,"column":23}},"loc":{"start":{"line":91,"column":39},"end":{"line":91,"column":49}},"line":91},"2":{"name":"(anonymous_2)","decl":{"start":{"line":92,"column":19},"end":{"line":92,"column":20}},"loc":{"start":{"line":93,"column":16},"end":{"line":96,"column":38}},"line":93},"3":{"name":"(anonymous_3)","decl":{"start":{"line":111,"column":34},"end":{"line":111,"column":35}},"loc":{"start":{"line":112,"column":12},"end":{"line":115,"column":34}},"line":112},"4":{"name":"(anonymous_4)","decl":{"start":{"line":122,"column":33},"end":{"line":122,"column":34}},"loc":{"start":{"line":123,"column":12},"end":{"line":126,"column":34}},"line":123}},"branchMap":{"0":{"loc":{"start":{"line":89,"column":11},"end":{"line":97,"column":16}},"type":"binary-expr","locations":[{"start":{"line":89,"column":11},"end":{"line":89,"column":29}},{"start":{"line":90,"column":12},"end":{"line":97,"column":16}}],"line":89},"1":{"loc":{"start":{"line":99,"column":9},"end":{"line":106,"column":9}},"type":"binary-expr","locations":[{"start":{"line":99,"column":9},"end":{"line":99,"column":27}},{"start":{"line":99,"column":31},"end":{"line":99,"column":60}},{"start":{"line":100,"column":10},"end":{"line":105,"column":29}}],"line":99}},"s":{"0":9,"1":9,"2":9,"3":9,"4":9,"5":9,"6":9,"7":9,"8":9,"9":9,"10":9,"11":9,"12":9,"13":9,"14":9,"15":3,"16":12,"17":9,"18":9,"19":6},"f":{"0":3,"1":12,"2":9,"3":9,"4":6},"b":{"0":[3,3],"1":[3,3,3]},"_coverageSchema":"1a1c01bbd47fc00a2c39e90264f33305004495a9","hash":"7aa31533b2f6c027e334fd1375a6e4c2d65bf117"}
,"/Users/Shared/jbt/Extend/src/components/DownloadLink/index.ts": {"path":"/Users/Shared/jbt/Extend/src/components/DownloadLink/index.ts","statementMap":{"0":{"start":{"line":7,"column":21},"end":{"line":26,"column":1}},"1":{"start":{"line":17,"column":6},"end":{"line":22,"column":7}},"2":{"start":{"line":19,"column":10},"end":{"line":19,"column":53}},"3":{"start":{"line":21,"column":10},"end":{"line":21,"column":60}}},"fnMap":{"0":{"name":"(anonymous_0)","decl":{"start":{"line":16,"column":15},"end":{"line":16,"column":16}},"loc":{"start":{"line":16,"column":29},"end":{"line":23,"column":5}},"line":16}},"branchMap":{"0":{"loc":{"start":{"line":17,"column":6},"end":{"line":22,"column":7}},"type":"switch","locations":[{"start":{"line":18,"column":8},"end":{"line":19,"column":53}},{"start":{"line":20,"column":8},"end":{"line":21,"column":60}}],"line":17}},"s":{"0":9,"1":4,"2":4,"3":0},"f":{"0":4},"b":{"0":[4,0]},"_coverageSchema":"1a1c01bbd47fc00a2c39e90264f33305004495a9","hash":"6d58de9b0aa14295f85178a7ec9fe63eb001b6da"}
,"/Users/Shared/jbt/Extend/src/components/FaultHistoryTableComponent/FaultHistoryTableComponent.tsx": {"path":"/Users/Shared/jbt/Extend/src/components/FaultHistoryTableComponent/FaultHistoryTableComponent.tsx","statementMap":{"0":{"start":{"line":21,"column":20},"end":{"line":23,"column":1}},"1":{"start":{"line":25,"column":16},"end":{"line":27,"column":1}},"2":{"start":{"line":29,"column":52},"end":{"line":34,"column":1}},"3":{"start":{"line":36,"column":29},"end":{"line":47,"column":1}},"4":{"start":{"line":37,"column":2},"end":{"line":46,"column":5}},"5":{"start":{"line":38,"column":4},"end":{"line":45,"column":6}},"6":{"start":{"line":43,"column":53},"end":{"line":43,"column":76}},"7":{"start":{"line":49,"column":33},"end":{"line":56,"column":1}},"8":{"start":{"line":50,"column":2},"end":{"line":55,"column":5}},"9":{"start":{"line":51,"column":4},"end":{"line":54,"column":6}},"10":{"start":{"line":59,"column":20},"end":{"line":59,"column":52}},"11":{"start":{"line":60,"column":2},"end":{"line":60,"column":48}},"12":{"start":{"line":63,"column":30},"end":{"line":109,"column":1}},"13":{"start":{"line":64,"column":2},"end":{"line":108,"column":4}},"14":{"start":{"line":118,"column":4},"end":{"line":123,"column":18}},"15":{"start":{"line":121,"column":10},"end":{"line":121,"column":74}},"16":{"start":{"line":126,"column":2},"end":{"line":126,"column":39}},"17":{"start":{"line":134,"column":35},"end":{"line":206,"column":1}},"18":{"start":{"line":135,"column":36},"end":{"line":135,"column":89}},"19":{"start":{"line":136,"column":48},"end":{"line":136,"column":88}},"20":{"start":{"line":137,"column":20},"end":{"line":137,"column":30}},"21":{"start":{"line":138,"column":40},"end":{"line":138,"column":93}},"22":{"start":{"line":139,"column":21},"end":{"line":139,"column":59}},"23":{"start":{"line":140,"column":23},"end":{"line":140,"column":70}},"24":{"start":{"line":141,"column":31},"end":{"line":143,"column":3}},"25":{"start":{"line":142,"column":4},"end":{"line":142,"column":29}},"26":{"start":{"line":147,"column":2},"end":{"line":149,"column":21}},"27":{"start":{"line":148,"column":4},"end":{"line":148,"column":55}},"28":{"start":{"line":151,"column":40},"end":{"line":162,"column":3}},"29":{"start":{"line":152,"column":25},"end":{"line":160,"column":5}},"30":{"start":{"line":161,"column":4},"end":{"line":161,"column":31}},"31":{"start":{"line":165,"column":17},"end":{"line":165,"column":46}},"32":{"start":{"line":165,"column":44},"end":{"line":165,"column":45}},"33":{"start":{"line":166,"column":4},"end":{"line":168,"column":26}},"34":{"start":{"line":166,"column":25},"end":{"line":166,"column":33}},"35":{"start":{"line":167,"column":6},"end":{"line":167,"column":37}},"36":{"start":{"line":168,"column":11},"end":{"line":168,"column":26}},"37":{"start":{"line":169,"column":4},"end":{"line":169,"column":29}},"38":{"start":{"line":172,"column":27},"end":{"line":181,"column":3}},"39":{"start":{"line":173,"column":4},"end":{"line":179,"column":5}},"40":{"start":{"line":174,"column":6},"end":{"line":178,"column":8}},"41":{"start":{"line":175,"column":32},"end":{"line":175,"column":56}},"42":{"start":{"line":180,"column":4},"end":{"line":180,"column":16}},"43":{"start":{"line":183,"column":2},"end":{"line":205,"column":4}},"44":{"start":{"line":192,"column":12},"end":{"line":192,"column":86}}},"fnMap":{"0":{"name":"(anonymous_0)","decl":{"start":{"line":36,"column":29},"end":{"line":36,"column":30}},"loc":{"start":{"line":36,"column":57},"end":{"line":47,"column":1}},"line":36},"1":{"name":"(anonymous_1)","decl":{"start":{"line":37,"column":18},"end":{"line":37,"column":19}},"loc":{"start":{"line":37,"column":29},"end":{"line":46,"column":3}},"line":37},"2":{"name":"(anonymous_2)","decl":{"start":{"line":43,"column":36},"end":{"line":43,"column":37}},"loc":{"start":{"line":43,"column":53},"end":{"line":43,"column":76}},"line":43},"3":{"name":"(anonymous_3)","decl":{"start":{"line":49,"column":33},"end":{"line":49,"column":34}},"loc":{"start":{"line":49,"column":91},"end":{"line":56,"column":1}},"line":49},"4":{"name":"(anonymous_4)","decl":{"start":{"line":50,"column":18},"end":{"line":50,"column":19}},"loc":{"start":{"line":50,"column":29},"end":{"line":55,"column":3}},"line":50},"5":{"name":"renderDateElement","decl":{"start":{"line":58,"column":9},"end":{"line":58,"column":26}},"loc":{"start":{"line":58,"column":73},"end":{"line":61,"column":1}},"line":58},"6":{"name":"(anonymous_6)","decl":{"start":{"line":63,"column":30},"end":{"line":63,"column":31}},"loc":{"start":{"line":63,"column":88},"end":{"line":109,"column":1}},"line":63},"7":{"name":"renderRowExpansion","decl":{"start":{"line":111,"column":9},"end":{"line":111,"column":27}},"loc":{"start":{"line":116,"column":22},"end":{"line":127,"column":1}},"line":116},"8":{"name":"(anonymous_8)","decl":{"start":{"line":120,"column":32},"end":{"line":120,"column":33}},"loc":{"start":{"line":120,"column":56},"end":{"line":122,"column":9}},"line":120},"9":{"name":"(anonymous_9)","decl":{"start":{"line":134,"column":35},"end":{"line":134,"column":36}},"loc":{"start":{"line":134,"column":95},"end":{"line":206,"column":1}},"line":134},"10":{"name":"(anonymous_10)","decl":{"start":{"line":141,"column":31},"end":{"line":141,"column":32}},"loc":{"start":{"line":141,"column":63},"end":{"line":143,"column":3}},"line":141},"11":{"name":"(anonymous_11)","decl":{"start":{"line":147,"column":12},"end":{"line":147,"column":13}},"loc":{"start":{"line":147,"column":18},"end":{"line":149,"column":3}},"line":147},"12":{"name":"(anonymous_12)","decl":{"start":{"line":151,"column":40},"end":{"line":151,"column":41}},"loc":{"start":{"line":151,"column":67},"end":{"line":162,"column":3}},"line":151},"13":{"name":"handleExpand","decl":{"start":{"line":164,"column":11},"end":{"line":164,"column":23}},"loc":{"start":{"line":164,"column":37},"end":{"line":170,"column":3}},"line":164},"14":{"name":"(anonymous_14)","decl":{"start":{"line":165,"column":37},"end":{"line":165,"column":38}},"loc":{"start":{"line":165,"column":44},"end":{"line":165,"column":45}},"line":165},"15":{"name":"(anonymous_15)","decl":{"start":{"line":166,"column":18},"end":{"line":166,"column":19}},"loc":{"start":{"line":166,"column":25},"end":{"line":166,"column":33}},"line":166},"16":{"name":"(anonymous_16)","decl":{"start":{"line":172,"column":27},"end":{"line":172,"column":28}},"loc":{"start":{"line":172,"column":75},"end":{"line":181,"column":3}},"line":172},"17":{"name":"(anonymous_17)","decl":{"start":{"line":175,"column":26},"end":{"line":175,"column":27}},"loc":{"start":{"line":175,"column":32},"end":{"line":175,"column":56}},"line":175},"18":{"name":"(anonymous_18)","decl":{"start":{"line":191,"column":25},"end":{"line":191,"column":26}},"loc":{"start":{"line":191,"column":44},"end":{"line":193,"column":11}},"line":191}},"branchMap":{"0":{"loc":{"start":{"line":41,"column":28},"end":{"line":41,"column":78}},"type":"cond-expr","locations":[{"start":{"line":41,"column":49},"end":{"line":41,"column":74}},{"start":{"line":41,"column":77},"end":{"line":41,"column":78}}],"line":41},"1":{"loc":{"start":{"line":42,"column":30},"end":{"line":44,"column":11}},"type":"cond-expr","locations":[{"start":{"line":43,"column":10},"end":{"line":43,"column":84}},{"start":{"line":44,"column":10},"end":{"line":44,"column":11}}],"line":42},"2":{"loc":{"start":{"line":70,"column":17},"end":{"line":72,"column":28}},"type":"cond-expr","locations":[{"start":{"line":71,"column":10},"end":{"line":71,"column":37}},{"start":{"line":72,"column":10},"end":{"line":72,"column":28}}],"line":70},"3":{"loc":{"start":{"line":80,"column":17},"end":{"line":82,"column":28}},"type":"cond-expr","locations":[{"start":{"line":81,"column":10},"end":{"line":81,"column":39}},{"start":{"line":82,"column":10},"end":{"line":82,"column":28}}],"line":80},"4":{"loc":{"start":{"line":89,"column":17},"end":{"line":91,"column":28}},"type":"cond-expr","locations":[{"start":{"line":90,"column":10},"end":{"line":90,"column":43}},{"start":{"line":91,"column":10},"end":{"line":91,"column":28}}],"line":89},"5":{"loc":{"start":{"line":98,"column":17},"end":{"line":100,"column":28}},"type":"cond-expr","locations":[{"start":{"line":99,"column":10},"end":{"line":99,"column":45}},{"start":{"line":100,"column":10},"end":{"line":100,"column":28}}],"line":98},"6":{"loc":{"start":{"line":119,"column":7},"end":{"line":122,"column":10}},"type":"binary-expr","locations":[{"start":{"line":119,"column":7},"end":{"line":119,"column":26}},{"start":{"line":120,"column":8},"end":{"line":122,"column":10}}],"line":119},"7":{"loc":{"start":{"line":126,"column":9},"end":{"line":126,"column":38}},"type":"cond-expr","locations":[{"start":{"line":126,"column":20},"end":{"line":126,"column":31}},{"start":{"line":126,"column":34},"end":{"line":126,"column":38}}],"line":126},"8":{"loc":{"start":{"line":155,"column":8},"end":{"line":159,"column":31}},"type":"cond-expr","locations":[{"start":{"line":156,"column":12},"end":{"line":156,"column":32}},{"start":{"line":157,"column":12},"end":{"line":159,"column":31}}],"line":155},"9":{"loc":{"start":{"line":157,"column":12},"end":{"line":159,"column":31}},"type":"cond-expr","locations":[{"start":{"line":158,"column":12},"end":{"line":158,"column":30}},{"start":{"line":159,"column":12},"end":{"line":159,"column":31}}],"line":157},"10":{"loc":{"start":{"line":166,"column":4},"end":{"line":168,"column":26}},"type":"if","locations":[{"start":{"line":166,"column":4},"end":{"line":168,"column":26}},{"start":{"line":166,"column":4},"end":{"line":168,"column":26}}],"line":166},"11":{"loc":{"start":{"line":173,"column":4},"end":{"line":179,"column":5}},"type":"if","locations":[{"start":{"line":173,"column":4},"end":{"line":179,"column":5}},{"start":{"line":173,"column":4},"end":{"line":179,"column":5}}],"line":173},"12":{"loc":{"start":{"line":173,"column":8},"end":{"line":173,"column":61}},"type":"binary-expr","locations":[{"start":{"line":173,"column":8},"end":{"line":173,"column":27}},{"start":{"line":173,"column":31},"end":{"line":173,"column":61}}],"line":173},"13":{"loc":{"start":{"line":176,"column":33},"end":{"line":176,"column":71}},"type":"cond-expr","locations":[{"start":{"line":176,"column":44},"end":{"line":176,"column":55}},{"start":{"line":176,"column":58},"end":{"line":176,"column":71}}],"line":176},"14":{"loc":{"start":{"line":192,"column":19},"end":{"line":192,"column":85}},"type":"binary-expr","locations":[{"start":{"line":192,"column":19},"end":{"line":192,"column":51}},{"start":{"line":192,"column":55},"end":{"line":192,"column":85}}],"line":192}},"s":{"0":4,"1":4,"2":4,"3":4,"4":12,"5":26,"6":18,"7":4,"8":8,"9":8,"10":8,"11":8,"12":4,"13":8,"14":0,"15":0,"16":0,"17":4,"18":8,"19":8,"20":8,"21":8,"22":8,"23":8,"24":8,"25":0,"26":8,"27":4,"28":8,"29":0,"30":0,"31":0,"32":0,"33":0,"34":0,"35":0,"36":0,"37":0,"38":8,"39":8,"40":4,"41":0,"42":4,"43":8,"44":16},"f":{"0":12,"1":26,"2":18,"3":8,"4":8,"5":8,"6":8,"7":0,"8":0,"9":8,"10":0,"11":4,"12":0,"13":0,"14":0,"15":0,"16":8,"17":0,"18":16},"b":{"0":[26,0],"1":[26,0],"2":[8,0],"3":[0,8],"4":[8,0],"5":[8,0],"6":[0,0],"7":[0,0],"8":[0,0],"9":[0,0],"10":[0,0],"11":[4,4],"12":[8,8],"13":[0,4],"14":[16,16]},"_coverageSchema":"1a1c01bbd47fc00a2c39e90264f33305004495a9","hash":"e4d65f191ee74b167ee576aa54ba582d38e7ea43"}
,"/Users/Shared/jbt/Extend/src/components/FaultHistoryTableComponent/ServiceItemRow.tsx": {"path":"/Users/Shared/jbt/Extend/src/components/FaultHistoryTableComponent/ServiceItemRow.tsx","statementMap":{"0":{"start":{"line":9,"column":21},"end":{"line":15,"column":1}},"1":{"start":{"line":17,"column":29},"end":{"line":23,"column":1}},"2":{"start":{"line":25,"column":31},"end":{"line":30,"column":1}},"3":{"start":{"line":31,"column":33},"end":{"line":34,"column":1}},"4":{"start":{"line":33,"column":22},"end":{"line":33,"column":55}},"5":{"start":{"line":35,"column":30},"end":{"line":39,"column":1}},"6":{"start":{"line":40,"column":29},"end":{"line":42,"column":1}},"7":{"start":{"line":43,"column":34},"end":{"line":49,"column":1}},"8":{"start":{"line":50,"column":22},"end":{"line":53,"column":1}},"9":{"start":{"line":60,"column":2},"end":{"line":60,"column":52}},"10":{"start":{"line":64,"column":17},"end":{"line":64,"column":40}},"11":{"start":{"line":65,"column":2},"end":{"line":74,"column":3}},"12":{"start":{"line":67,"column":6},"end":{"line":67,"column":24}},"13":{"start":{"line":69,"column":6},"end":{"line":69,"column":28}},"14":{"start":{"line":71,"column":6},"end":{"line":71,"column":25}},"15":{"start":{"line":73,"column":6},"end":{"line":73,"column":24}},"16":{"start":{"line":77,"column":23},"end":{"line":119,"column":1}},"17":{"start":{"line":78,"column":2},"end":{"line":118,"column":4}}},"fnMap":{"0":{"name":"(anonymous_0)","decl":{"start":{"line":33,"column":11},"end":{"line":33,"column":12}},"loc":{"start":{"line":33,"column":22},"end":{"line":33,"column":55}},"line":33},"1":{"name":"capitalizeFirstLetter","decl":{"start":{"line":59,"column":9},"end":{"line":59,"column":30}},"loc":{"start":{"line":59,"column":44},"end":{"line":61,"column":1}},"line":59},"2":{"name":"getIndicatorColor","decl":{"start":{"line":63,"column":9},"end":{"line":63,"column":26}},"loc":{"start":{"line":63,"column":53},"end":{"line":75,"column":1}},"line":63},"3":{"name":"(anonymous_3)","decl":{"start":{"line":77,"column":23},"end":{"line":77,"column":24}},"loc":{"start":{"line":77,"column":76},"end":{"line":119,"column":1}},"line":77}},"branchMap":{"0":{"loc":{"start":{"line":65,"column":2},"end":{"line":74,"column":3}},"type":"switch","locations":[{"start":{"line":66,"column":4},"end":{"line":67,"column":24}},{"start":{"line":68,"column":4},"end":{"line":69,"column":28}},{"start":{"line":70,"column":4},"end":{"line":71,"column":25}},{"start":{"line":72,"column":4},"end":{"line":73,"column":24}}],"line":65},"1":{"loc":{"start":{"line":94,"column":11},"end":{"line":103,"column":11}},"type":"binary-expr","locations":[{"start":{"line":94,"column":11},"end":{"line":94,"column":34}},{"start":{"line":95,"column":12},"end":{"line":102,"column":15}}],"line":94},"2":{"loc":{"start":{"line":104,"column":11},"end":{"line":109,"column":11}},"type":"binary-expr","locations":[{"start":{"line":104,"column":11},"end":{"line":104,"column":35}},{"start":{"line":105,"column":12},"end":{"line":108,"column":15}}],"line":104},"3":{"loc":{"start":{"line":112,"column":11},"end":{"line":113,"column":77}},"type":"binary-expr","locations":[{"start":{"line":112,"column":11},"end":{"line":112,"column":35}},{"start":{"line":113,"column":12},"end":{"line":113,"column":77}}],"line":112},"4":{"loc":{"start":{"line":114,"column":11},"end":{"line":114,"column":45}},"type":"binary-expr","locations":[{"start":{"line":114,"column":11},"end":{"line":114,"column":34}},{"start":{"line":114,"column":38},"end":{"line":114,"column":45}}],"line":114}},"s":{"0":4,"1":4,"2":4,"3":4,"4":0,"5":4,"6":4,"7":4,"8":4,"9":0,"10":0,"11":0,"12":0,"13":0,"14":0,"15":0,"16":4,"17":0},"f":{"0":0,"1":0,"2":0,"3":0},"b":{"0":[0,0,0,0],"1":[0,0],"2":[0,0],"3":[0,0],"4":[0,0]},"_coverageSchema":"1a1c01bbd47fc00a2c39e90264f33305004495a9","hash":"80fd9bebd2d5792d320747dc9368f168aa734960"}
,"/Users/Shared/jbt/Extend/src/components/Gallery/index.tsx": {"path":"/Users/Shared/jbt/Extend/src/components/Gallery/index.tsx","statementMap":{"0":{"start":{"line":13,"column":0},"end":{"line":13,"column":47}},"1":{"start":{"line":15,"column":25},"end":{"line":35,"column":1}},"2":{"start":{"line":40,"column":21},"end":{"line":48,"column":1}},"3":{"start":{"line":54,"column":2},"end":{"line":66,"column":4}},"4":{"start":{"line":58,"column":10},"end":{"line":62,"column":24}}},"fnMap":{"0":{"name":"Gallery","decl":{"start":{"line":53,"column":24},"end":{"line":53,"column":31}},"loc":{"start":{"line":53,"column":65},"end":{"line":67,"column":1}},"line":53},"1":{"name":"(anonymous_1)","decl":{"start":{"line":57,"column":20},"end":{"line":57,"column":21}},"loc":{"start":{"line":58,"column":10},"end":{"line":62,"column":24}},"line":58}},"branchMap":{},"s":{"0":9,"1":9,"2":9,"3":2,"4":4},"f":{"0":2,"1":4},"b":{},"_coverageSchema":"1a1c01bbd47fc00a2c39e90264f33305004495a9","hash":"61717b2c6e704d091bab59b9dfb80ade17057de2"}
,"/Users/Shared/jbt/Extend/src/components/Indicator/index.ts": {"path":"/Users/Shared/jbt/Extend/src/components/Indicator/index.ts","statementMap":{"0":{"start":{"line":9,"column":18},"end":{"line":33,"column":1}},"1":{"start":{"line":11,"column":26},"end":{"line":11,"column":31}},"2":{"start":{"line":29,"column":43},"end":{"line":29,"column":70}},"3":{"start":{"line":31,"column":39},"end":{"line":31,"column":44}}},"fnMap":{"0":{"name":"(anonymous_0)","decl":{"start":{"line":11,"column":11},"end":{"line":11,"column":12}},"loc":{"start":{"line":11,"column":26},"end":{"line":11,"column":31}},"line":11},"1":{"name":"(anonymous_1)","decl":{"start":{"line":29,"column":28},"end":{"line":29,"column":29}},"loc":{"start":{"line":29,"column":43},"end":{"line":29,"column":70}},"line":29},"2":{"name":"(anonymous_2)","decl":{"start":{"line":31,"column":24},"end":{"line":31,"column":25}},"loc":{"start":{"line":31,"column":39},"end":{"line":31,"column":44}},"line":31}},"branchMap":{},"s":{"0":7,"1":3,"2":3,"3":3},"f":{"0":3,"1":3,"2":3},"b":{},"_coverageSchema":"1a1c01bbd47fc00a2c39e90264f33305004495a9","hash":"053e83716025ecb6fdbff2e759e2a6eeae64630e"}
,"/Users/Shared/jbt/Extend/src/components/LinkCard/LinkCard.tsx": {"path":"/Users/Shared/jbt/Extend/src/components/LinkCard/LinkCard.tsx","statementMap":{"0":{"start":{"line":16,"column":13},"end":{"line":40,"column":1}},"1":{"start":{"line":42,"column":20},"end":{"line":53,"column":1}},"2":{"start":{"line":46,"column":33},"end":{"line":46,"column":74}},"3":{"start":{"line":48,"column":23},"end":{"line":48,"column":65}},"4":{"start":{"line":55,"column":21},"end":{"line":69,"column":1}},"5":{"start":{"line":71,"column":22},"end":{"line":79,"column":1}},"6":{"start":{"line":72,"column":22},"end":{"line":72,"column":63}},"7":{"start":{"line":73,"column":28},"end":{"line":73,"column":57}},"8":{"start":{"line":74,"column":26},"end":{"line":74,"column":90}},"9":{"start":{"line":75,"column":28},"end":{"line":75,"column":89}},"10":{"start":{"line":77,"column":28},"end":{"line":77,"column":98}},"11":{"start":{"line":81,"column":25},"end":{"line":81,"column":37}},"12":{"start":{"line":83,"column":15},"end":{"line":83,"column":27}},"13":{"start":{"line":85,"column":12},"end":{"line":104,"column":1}},"14":{"start":{"line":94,"column":33},"end":{"line":94,"column":67}},"15":{"start":{"line":95,"column":27},"end":{"line":95,"column":69}},"16":{"start":{"line":98,"column":22},"end":{"line":98,"column":62}},"17":{"start":{"line":99,"column":28},"end":{"line":99,"column":57}},"18":{"start":{"line":100,"column":26},"end":{"line":100,"column":86}},"19":{"start":{"line":101,"column":28},"end":{"line":101,"column":86}},"20":{"start":{"line":103,"column":28},"end":{"line":103,"column":90}},"21":{"start":{"line":107,"column":17},"end":{"line":130,"column":1}},"22":{"start":{"line":108,"column":2},"end":{"line":129,"column":4}},"23":{"start":{"line":122,"column":14},"end":{"line":122,"column":59}}},"fnMap":{"0":{"name":"(anonymous_0)","decl":{"start":{"line":46,"column":22},"end":{"line":46,"column":23}},"loc":{"start":{"line":46,"column":33},"end":{"line":46,"column":74}},"line":46},"1":{"name":"(anonymous_1)","decl":{"start":{"line":48,"column":12},"end":{"line":48,"column":13}},"loc":{"start":{"line":48,"column":23},"end":{"line":48,"column":65}},"line":48},"2":{"name":"(anonymous_2)","decl":{"start":{"line":72,"column":11},"end":{"line":72,"column":12}},"loc":{"start":{"line":72,"column":22},"end":{"line":72,"column":63}},"line":72},"3":{"name":"(anonymous_3)","decl":{"start":{"line":73,"column":17},"end":{"line":73,"column":18}},"loc":{"start":{"line":73,"column":28},"end":{"line":73,"column":57}},"line":73},"4":{"name":"(anonymous_4)","decl":{"start":{"line":74,"column":15},"end":{"line":74,"column":16}},"loc":{"start":{"line":74,"column":26},"end":{"line":74,"column":90}},"line":74},"5":{"name":"(anonymous_5)","decl":{"start":{"line":75,"column":17},"end":{"line":75,"column":18}},"loc":{"start":{"line":75,"column":28},"end":{"line":75,"column":89}},"line":75},"6":{"name":"(anonymous_6)","decl":{"start":{"line":77,"column":17},"end":{"line":77,"column":18}},"loc":{"start":{"line":77,"column":28},"end":{"line":77,"column":98}},"line":77},"7":{"name":"(anonymous_7)","decl":{"start":{"line":94,"column":22},"end":{"line":94,"column":23}},"loc":{"start":{"line":94,"column":33},"end":{"line":94,"column":67}},"line":94},"8":{"name":"(anonymous_8)","decl":{"start":{"line":95,"column":16},"end":{"line":95,"column":17}},"loc":{"start":{"line":95,"column":27},"end":{"line":95,"column":69}},"line":95},"9":{"name":"(anonymous_9)","decl":{"start":{"line":98,"column":11},"end":{"line":98,"column":12}},"loc":{"start":{"line":98,"column":22},"end":{"line":98,"column":62}},"line":98},"10":{"name":"(anonymous_10)","decl":{"start":{"line":99,"column":17},"end":{"line":99,"column":18}},"loc":{"start":{"line":99,"column":28},"end":{"line":99,"column":57}},"line":99},"11":{"name":"(anonymous_11)","decl":{"start":{"line":100,"column":15},"end":{"line":100,"column":16}},"loc":{"start":{"line":100,"column":26},"end":{"line":100,"column":86}},"line":100},"12":{"name":"(anonymous_12)","decl":{"start":{"line":101,"column":17},"end":{"line":101,"column":18}},"loc":{"start":{"line":101,"column":28},"end":{"line":101,"column":86}},"line":101},"13":{"name":"(anonymous_13)","decl":{"start":{"line":103,"column":17},"end":{"line":103,"column":18}},"loc":{"start":{"line":103,"column":28},"end":{"line":103,"column":90}},"line":103},"14":{"name":"(anonymous_14)","decl":{"start":{"line":107,"column":17},"end":{"line":107,"column":18}},"loc":{"start":{"line":107,"column":77},"end":{"line":130,"column":1}},"line":107},"15":{"name":"(anonymous_15)","decl":{"start":{"line":121,"column":25},"end":{"line":121,"column":26}},"loc":{"start":{"line":122,"column":14},"end":{"line":122,"column":59}},"line":122}},"branchMap":{"0":{"loc":{"start":{"line":72,"column":22},"end":{"line":72,"column":63}},"type":"binary-expr","locations":[{"start":{"line":72,"column":22},"end":{"line":72,"column":52}},{"start":{"line":72,"column":56},"end":{"line":72,"column":63}}],"line":72},"1":{"loc":{"start":{"line":74,"column":26},"end":{"line":74,"column":90}},"type":"binary-expr","locations":[{"start":{"line":74,"column":26},"end":{"line":74,"column":75}},{"start":{"line":74,"column":79},"end":{"line":74,"column":90}}],"line":74},"2":{"loc":{"start":{"line":75,"column":28},"end":{"line":75,"column":89}},"type":"binary-expr","locations":[{"start":{"line":75,"column":28},"end":{"line":75,"column":79}},{"start":{"line":75,"column":83},"end":{"line":75,"column":89}}],"line":75},"3":{"loc":{"start":{"line":77,"column":28},"end":{"line":77,"column":98}},"type":"binary-expr","locations":[{"start":{"line":77,"column":28},"end":{"line":77,"column":83}},{"start":{"line":77,"column":87},"end":{"line":77,"column":98}}],"line":77},"4":{"loc":{"start":{"line":98,"column":22},"end":{"line":98,"column":62}},"type":"binary-expr","locations":[{"start":{"line":98,"column":22},"end":{"line":98,"column":49}},{"start":{"line":98,"column":53},"end":{"line":98,"column":62}}],"line":98},"5":{"loc":{"start":{"line":100,"column":26},"end":{"line":100,"column":86}},"type":"binary-expr","locations":[{"start":{"line":100,"column":26},"end":{"line":100,"column":72}},{"start":{"line":100,"column":76},"end":{"line":100,"column":86}}],"line":100},"6":{"loc":{"start":{"line":101,"column":28},"end":{"line":101,"column":86}},"type":"binary-expr","locations":[{"start":{"line":101,"column":28},"end":{"line":101,"column":76}},{"start":{"line":101,"column":80},"end":{"line":101,"column":86}}],"line":101},"7":{"loc":{"start":{"line":103,"column":28},"end":{"line":103,"column":90}},"type":"binary-expr","locations":[{"start":{"line":103,"column":28},"end":{"line":103,"column":80}},{"start":{"line":103,"column":84},"end":{"line":103,"column":90}}],"line":103},"8":{"loc":{"start":{"line":112,"column":11},"end":{"line":116,"column":11}},"type":"cond-expr","locations":[{"start":{"line":113,"column":12},"end":{"line":113,"column":40}},{"start":{"line":115,"column":12},"end":{"line":115,"column":68}}],"line":112},"9":{"loc":{"start":{"line":119,"column":9},"end":{"line":125,"column":9}},"type":"binary-expr","locations":[{"start":{"line":119,"column":9},"end":{"line":119,"column":16}},{"start":{"line":119,"column":20},"end":{"line":119,"column":38}},{"start":{"line":120,"column":10},"end":{"line":124,"column":29}}],"line":119}},"s":{"0":9,"1":9,"2":14,"3":14,"4":9,"5":9,"6":14,"7":14,"8":14,"9":14,"10":14,"11":9,"12":9,"13":9,"14":14,"15":14,"16":14,"17":14,"18":14,"19":14,"20":14,"21":9,"22":14,"23":0},"f":{"0":14,"1":14,"2":14,"3":14,"4":14,"5":14,"6":14,"7":14,"8":14,"9":14,"10":14,"11":14,"12":14,"13":14,"14":14,"15":0},"b":{"0":[14,0],"1":[14,0],"2":[14,0],"3":[14,0],"4":[14,0],"5":[14,0],"6":[14,0],"7":[14,0],"8":[6,8],"9":[14,0,0]},"_coverageSchema":"1a1c01bbd47fc00a2c39e90264f33305004495a9","hash":"c3545ee9264c0952f89167f96592ed3ac24a8b6b"}
,"/Users/Shared/jbt/Extend/src/components/MachinePartsTable/MachinePartsTable.tsx": {"path":"/Users/Shared/jbt/Extend/src/components/MachinePartsTable/MachinePartsTable.tsx","statementMap":{"0":{"start":{"line":45,"column":19},"end":{"line":48,"column":1}},"1":{"start":{"line":46,"column":22},"end":{"line":46,"column":51}},"2":{"start":{"line":50,"column":14},"end":{"line":59,"column":1}},"3":{"start":{"line":54,"column":4},"end":{"line":58,"column":17}},"4":{"start":{"line":61,"column":26},"end":{"line":64,"column":1}},"5":{"start":{"line":66,"column":30},"end":{"line":73,"column":1}},"6":{"start":{"line":68,"column":4},"end":{"line":72,"column":59}},"7":{"start":{"line":75,"column":13},"end":{"line":78,"column":1}},"8":{"start":{"line":80,"column":26},"end":{"line":84,"column":1}},"9":{"start":{"line":86,"column":24},"end":{"line":89,"column":1}},"10":{"start":{"line":91,"column":24},"end":{"line":102,"column":1}},"11":{"start":{"line":104,"column":25},"end":{"line":107,"column":1}},"12":{"start":{"line":112,"column":20},"end":{"line":123,"column":1}},"13":{"start":{"line":113,"column":2},"end":{"line":122,"column":4}},"14":{"start":{"line":129,"column":30},"end":{"line":203,"column":1}},"15":{"start":{"line":134,"column":2},"end":{"line":202,"column":4}},"16":{"start":{"line":159,"column":8},"end":{"line":163,"column":10}},"17":{"start":{"line":175,"column":8},"end":{"line":180,"column":10}},"18":{"start":{"line":190,"column":8},"end":{"line":190,"column":78}},"19":{"start":{"line":199,"column":8},"end":{"line":199,"column":55}},"20":{"start":{"line":205,"column":26},"end":{"line":212,"column":1}},"21":{"start":{"line":206,"column":2},"end":{"line":211,"column":5}},"22":{"start":{"line":207,"column":4},"end":{"line":210,"column":6}},"23":{"start":{"line":217,"column":52},"end":{"line":221,"column":1}},"24":{"start":{"line":223,"column":27},"end":{"line":223,"column":65}},"25":{"start":{"line":225,"column":22},"end":{"line":225,"column":38}},"26":{"start":{"line":228,"column":26},"end":{"line":329,"column":1}},"27":{"start":{"line":234,"column":20},"end":{"line":234,"column":29}},"28":{"start":{"line":235,"column":36},"end":{"line":235,"column":56}},"29":{"start":{"line":236,"column":36},"end":{"line":236,"column":89}},"30":{"start":{"line":237,"column":32},"end":{"line":237,"column":70}},"31":{"start":{"line":239,"column":23},"end":{"line":239,"column":70}},"32":{"start":{"line":240,"column":23},"end":{"line":240,"column":61}},"33":{"start":{"line":241,"column":21},"end":{"line":241,"column":59}},"34":{"start":{"line":243,"column":42},"end":{"line":243,"column":82}},"35":{"start":{"line":246,"column":29},"end":{"line":248,"column":3}},"36":{"start":{"line":247,"column":4},"end":{"line":247,"column":37}},"37":{"start":{"line":249,"column":40},"end":{"line":260,"column":3}},"38":{"start":{"line":250,"column":25},"end":{"line":258,"column":5}},"39":{"start":{"line":259,"column":4},"end":{"line":259,"column":31}},"40":{"start":{"line":262,"column":54},"end":{"line":270,"column":3}},"41":{"start":{"line":264,"column":6},"end":{"line":268,"column":28}},"42":{"start":{"line":269,"column":4},"end":{"line":269,"column":55}},"43":{"start":{"line":271,"column":50},"end":{"line":278,"column":3}},"44":{"start":{"line":272,"column":18},"end":{"line":272,"column":82}},"45":{"start":{"line":274,"column":4},"end":{"line":277,"column":5}},"46":{"start":{"line":274,"column":22},"end":{"line":274,"column":53}},"47":{"start":{"line":276,"column":6},"end":{"line":276,"column":60}},"48":{"start":{"line":280,"column":2},"end":{"line":328,"column":4}},"49":{"start":{"line":299,"column":41},"end":{"line":299,"column":79}}},"fnMap":{"0":{"name":"(anonymous_0)","decl":{"start":{"line":46,"column":11},"end":{"line":46,"column":12}},"loc":{"start":{"line":46,"column":22},"end":{"line":46,"column":51}},"line":46},"1":{"name":"(anonymous_1)","decl":{"start":{"line":53,"column":11},"end":{"line":53,"column":12}},"loc":{"start":{"line":54,"column":4},"end":{"line":58,"column":17}},"line":54},"2":{"name":"(anonymous_2)","decl":{"start":{"line":67,"column":11},"end":{"line":67,"column":12}},"loc":{"start":{"line":68,"column":4},"end":{"line":72,"column":59}},"line":68},"3":{"name":"(anonymous_3)","decl":{"start":{"line":112,"column":20},"end":{"line":112,"column":21}},"loc":{"start":{"line":112,"column":86},"end":{"line":123,"column":1}},"line":112},"4":{"name":"(anonymous_4)","decl":{"start":{"line":129,"column":30},"end":{"line":129,"column":31}},
[...]
,"/Users/Shared/jbt/Extend/src/pages/MaintenanceHealthDashboardDetail/index.tsx": {"path":"/Users/Shared/jbt/Extend/src/pages/MaintenanceHealthDashboardDetail/index.tsx","statementMap":{"0":{"start":{"line":11,"column":17},"end":{"line":17,"column":1}},"1":{"start":{"line":19,"column":18},"end":{"line":21,"column":1}},"2":{"start":{"line":23,"column":17},"end":{"line":28,"column":1}},"3":{"start":{"line":30,"column":20},"end":{"line":33,"column":1}},"4":{"start":{"line":35,"column":41},"end":{"line":59,"column":1}},"5":{"start":{"line":37,"column":24},"end":{"line":37,"column":58}},"6":{"start":{"line":39,"column":18},"end":{"line":39,"column":88}},"7":{"start":{"line":39,"column":54},"end":{"line":39,"column":84}},"8":{"start":{"line":40,"column":2},"end":{"line":58,"column":4}},"9":{"start":{"line":55,"column":61},"end":{"line":55,"column":97}}},"fnMap":{"0":{"name":"(anonymous_0)","decl":{"start":{"line":35,"column":41},"end":{"line":35,"column":42}},"loc":{"start":{"line":35,"column":61},"end":{"line":59,"column":1}},"line":35},"1":{"name":"(anonymous_1)","decl":{"start":{"line":39,"column":41},"end":{"line":39,"column":42}},"loc":{"start":{"line":39,"column":54},"end":{"line":39,"column":84}},"line":39},"2":{"name":"(anonymous_2)","decl":{"start":{"line":55,"column":50},"end":{"line":55,"column":51}},"loc":{"start":{"line":55,"column":61},"end":{"line":55,"column":97}},"line":55}},"branchMap":{},"s":{"0":3,"1":3,"2":3,"3":3,"4":3,"5":1,"6":1,"7":2,"8":1,"9":4},"f":{"0":1,"1":2,"2":4},"b":{},"_coverageSchema":"1a1c01bbd47fc00a2c39e90264f33305004495a9","hash":"41d44df9fb060e4972eeb143854714815c0ec303"}
,"/Users/Shared/jbt/Extend/src/pages/PartDetail/PlaceOrder.tsx": {"path":"/Users/Shared/jbt/Extend/src/pages/PartDetail/PlaceOrder.tsx","statementMap":{"0":{"start":{"line":14,"column":24},"end":{"line":16,"column":1}},"1":{"start":{"line":17,"column":21},"end":{"line":25,"column":1}},"2":{"start":{"line":26,"column":22},"end":{"line":38,"column":1}},"3":{"start":{"line":45,"column":13},"end":{"line":45,"column":27}},"4":{"start":{"line":46,"column":14},"end":{"line":46,"column":23}},"5":{"start":{"line":47,"column":2},"end":{"line":50,"column":3}},"6":{"start":{"line":48,"column":4},"end":{"line":48,"column":22}},"7":{"start":{"line":49,"column":4},"end":{"line":49,"column":22}},"8":{"start":{"line":52,"column":2},"end":{"line":52,"column":53}},"9":{"start":{"line":62,"column":2},"end":{"line":76,"column":4}},"10":{"start":{"line":70,"column":12},"end":{"line":70,"column":86}},"11":{"start":{"line":78,"column":38},"end":{"line":81,"column":1}},"12":{"start":{"line":82,"column":34},"end":{"line":91,"column":1}},"13":{"start":{"line":92,"column":38},"end":{"line":104,"column":1}},"14":{"start":{"line":105,"column":38},"end":{"line":109,"column":1}},"15":{"start":{"line":110,"column":40},"end":{"line":113,"column":1}},"16":{"start":{"line":114,"column":39},"end":{"line":118,"column":1}},"17":{"start":{"line":119,"column":34},"end":{"line":129,"column":1}},"18":{"start":{"line":132,"column":33},"end":{"line":143,"column":1}},"19":{"start":{"line":149,"column":19},"end":{"line":149,"column":80}},"20":{"start":{"line":150,"column":2},"end":{"line":150,"column":81}},"21":{"start":{"line":154,"column":19},"end":{"line":169,"column":1}}},"fnMap":{"0":{"name":"StockIndicator","decl":{"start":{"line":44,"column":16},"end":{"line":44,"column":30}},"loc":{"start":{"line":44,"column":79},"end":{"line":53,"column":1}},"line":44},"1":{"name":"LocationRadio","decl":{"start":{"line":61,"column":16},"end":{"line":61,"column":29}},"loc":{"start":{"line":61,"column":90},"end":{"line":77,"column":1}},"line":61},"2":{"name":"(anonymous_2)","decl":{"start":{"line":69,"column":23},"end":{"line":69,"column":24}},"loc":{"start":{"line":70,"column":12},"end":{"line":70,"column":86}},"line":70},"3":{"name":"LeadTime","decl":{"start":{"line":148,"column":16},"end":{"line":148,"column":24}},"loc":{"start":{"line":148,"column":68},"end":{"line":151,"column":1}},"line":148}},"branchMap":{"0":{"loc":{"start":{"line":47,"column":2},"end":{"line":50,"column":3}},"type":"if","locations":[{"start":{"line":47,"column":2},"end":{"line":50,"column":3}},{"start":{"line":47,"column":2},"end":{"line":50,"column":3}}],"line":47}},"s":{"0":4,"1":4,"2":4,"3":1,"4":1,"5":1,"6":1,"7":1,"8":1,"9":2,"10":6,"11":4,"12":4,"13":4,"14":4,"15":4,"16":4,"17":4,"18":4,"19":1,"20":1,"21":4},"f":{"0":1,"1":2,"2":6,"3":1},"b":{"0":[1,0]},"_coverageSchema":"1a1c01bbd47fc00a2c39e90264f33305004495a9","hash":"0f7a58f6aa6fbe788f7eff620a1236f5aa7f66c4"}
,"/Users/Shared/jbt/Extend/src/pages/PartDetail/index.tsx": {"path":"/Users/Shared/jbt/Extend/src/pages/PartDetail/index.tsx","statementMap":{"0":{"start":{"line":38,"column":15},"end":{"line":44,"column":1}},"1":{"start":{"line":45,"column":18},"end":{"line":50,"column":1}},"2":{"start":{"line":51,"column":17},"end":{"line":56,"column":1}},"3":{"start":{"line":58,"column":18},"end":{"line":58,"column":30}},"4":{"start":{"line":59,"column":22},"end":{"line":65,"column":1}},"5":{"start":{"line":68,"column":21},"end":{"line":68,"column":52}},"6":{"start":{"line":71,"column":2},"end":{"line":71,"column":45}},"7":{"start":{"line":72,"column":21},"end":{"line":96,"column":3}},"8":{"start":{"line":98,"column":2},"end":{"line":150,"column":4}},"9":{"start":{"line":122,"column":16},"end":{"line":124,"column":25}},"10":{"start":{"line":130,"column":12},"end":{"line":135,"column":14}}},"fnMap":{"0":{"name":"PartDetail","decl":{"start":{"line":67,"column":24},"end":{"line":67,"column":34}},"loc":{"start":{"line":67,"column":51},"end":{"line":151,"column":1}},"line":67},"1":{"name":"(anonymous_1)","decl":{"start":{"line":121,"column":53},"end":{"line":121,"column":54}},"loc":{"start":{"line":122,"column":16},"end":{"line":124,"column":25}},"line":122},"2":{"name":"(anonymous_2)","decl":{"start":{"line":129,"column":30},"end":{"line":129,"column":31}},"loc":{"start":{"line":130,"column":12},"end":{"line":135,"column":14}},"line":130}},"branchMap":{},"s":{"0":3,"1":3,"2":3,"3":3,"4":3,"5":1,"6":1,"7":1,"8":1,"9":5,"10":2},"f":{"0":1,"1":5,"2":2},"b":{},"_coverageSchema":"1a1c01bbd47fc00a2c39e90264f33305004495a9","hash":"49992cf0fcc4325b309cd1fff9cc4dd1915bb4ed"}
,"/Users/Shared/jbt/Extend/src/pages/PartsCatalogPage/PartsCatalogPage.tsx": {"path":"/Users/Shared/jbt/Extend/src/pages/PartsCatalogPage/PartsCatalogPage.tsx","statementMap":{"0":{"start":{"line":29,"column":13},"end":{"line":31,"column":1}},"1":{"start":{"line":33,"column":15},"end":{"line":41,"column":1}},"2":{"start":{"line":34,"column":22},"end":{"line":34,"column":63}},"3":{"start":{"line":35,"column":28},"end":{"line":35,"column":57}},"4":{"start":{"line":36,"column":26},"end":{"line":36,"column":90}},"5":{"start":{"line":37,"column":28},"end":{"line":37,"column":89}},"6":{"start":{"line":39,"column":28},"end":{"line":39,"column":98}},"7":{"start":{"line":43,"column":26},"end":{"line":49,"column":1}},"8":{"start":{"line":51,"column":24},"end":{"line":55,"column":1}},"9":{"start":{"line":57,"column":24},"end":{"line":61,"column":1}},"10":{"start":{"line":63,"column":26},"end":{"line":65,"column":1}},"11":{"start":{"line":67,"column":23},"end":{"line":75,"column":1}},"12":{"start":{"line":68,"column":22},"end":{"line":68,"column":65}},"13":{"start":{"line":69,"column":28},"end":{"line":69,"column":57}},"14":{"start":{"line":70,"column":26},"end":{"line":70,"column":89}},"15":{"start":{"line":71,"column":28},"end":{"line":71,"column":89}},"16":{"start":{"line":73,"column":28},"end":{"line":73,"column":97}},"17":{"start":{"line":77,"column":21},"end":{"line":81,"column":1}},"18":{"start":{"line":80,"column":21},"end":{"line":80,"column":71}},"19":{"start":{"line":83,"column":20},"end":{"line":86,"column":1}},"20":{"start":{"line":88,"column":21},"end":{"line":91,"column":1}},"21":{"start":{"line":95,"column":27},"end":{"line":98,"column":1}},"22":{"start":{"line":100,"column":29},"end":{"line":100,"column":78}},"23":{"start":{"line":101,"column":29},"end":{"line":101,"column":52}},"24":{"start":{"line":104,"column":25},"end":{"line":183,"column":1}},"25":{"start":{"line":105,"column":24},"end":{"line":105,"column":93}},"26":{"start":{"line":105,"column":79},"end":{"line":105,"column":91}},"27":{"start":{"line":106,"column":36},"end":{"line":106,"column":56}},"28":{"start":{"line":107,"column":32},"end":{"line":107,"column":70}},"29":{"start":{"line":109,"column":30},"end":{"line":109,"column":99}},"30":{"start":{"line":110,"column":30},"end":{"line":110,"column":82}},"31":{"start":{"line":112,"column":33},"end":{"line":116,"column":3}},"32":{"start":{"line":117,"column":33},"end":{"line":117,"column":89}},"33":{"start":{"line":119,"column":29},"end":{"line":121,"column":3}},"34":{"start":{"line":120,"column":4},"end":{"line":120,"column":37}},"35":{"start":{"line":123,"column":50},"end":{"line":133,"column":3}},"36":{"start":{"line":124,"column":18},"end":{"line":124,"column":82}},"37":{"start":{"line":126,"column":4},"end":{"line":132,"column":5}},"38":{"start":{"line":126,"column":22},"end":{"line":126,"column":53}},"39":{"start":{"line":128,"column":6},"end":{"line":131,"column":9}},"40":{"start":{"line":135,"column":2},"end":{"line":182,"column":4}},"41":{"start":{"line":155,"column":12},"end":{"line":161,"column":26}},"42":{"start":{"line":169,"column":12},"end":{"line":177,"column":27}}},"fnMap":{"0":{"name":"(anonymous_0)","decl":{"start":{"line":34,"column":11},"end":{"line":34,"column":12}},"loc":{"start":{"line":34,"column":22},"end":{"line":34,"column":63}},"line":34},"1":{"name":"(anonymous_1)","decl":{"start":{"line":35,"column":17},"end":{"line":35,"column":18}},"loc":{"start":{"line":35,"column":28},"end":{"line":35,"column":57}},"line":35},"2":{"name":"(anonymous_2)","decl":{"start":{"line":36,"column":15},"end":{"line":36,"column":16}},"loc":{"start":{"line":36,"column":26},"end":{"line":36,"column":90}},"line":36},"3":{"name":"(anonymous_3)","decl":{"start":{"line":37,"column":17},"end":{"line":37,"column":18}},"loc":{"start":{"line":37,"column":28},"end":{"line":37,"column":89}},"line":37},"4":{"name":"(anonymous_4)","decl":{"start":{"line":39,"column":17},"end":{"line":39,"column":18}},"loc":{"start":{"line":39,"column":28},"end":{"line":39,"column":98}},"line":39},"5":{"name":"(anonymous_5)","decl":{"start":{"line":68,"column":11},"end":{"line":68,"column":12}},"loc":{"start":{"line":68,"column":22},"end":{"line":68,"column":65}},"line":68},"6":{"name":"(anonymous_6)","decl":{"start":{"line":69,"column":17},"end":{"line":69,"column":18}},"loc":{"start":{"line":69,"column":28},"end":{"line":69,"column":57}},"line":69},"7":{"name":"(anonymous_7)","decl":{"start":{"line":70,"column":15},"end":{"line":70,"column":16}},"loc":{"start":{"line":70,"column":26},"end":{"line":70,"column":89}},"line":70},"8":{"name":"(anonymous_8)","decl":{"start":{"line":71,"column":17},"end":{"line":71,"column":18}},"loc":{"start":{"line":71,"column":28},"end":{"line":71,"column":89}},"line":71},"9":{"name":"(anonymous_9)","decl":{"start":{"line":73,"column":17},"end":{"line":73,"column":18}},"loc":{"start":{"line":73,"column":28},"end":{"line":73,"column":97}},"line":73},"10":{"name":"(anonymous_10)","decl":{"start":{"line":80,"column":9},"end":{"line":80,"column":10}},"loc":{"start":{"line":80,"column":21},"end":{"line":80,"column":71}},"line":80},"11":{"name":"(anonymous_11)","decl":{"start":{"line":104,"column":25},"end":{"line":104,"column":26}},"loc":{"start":{"line":104,"column":75},"end":{"line":183,"column":1}},"line":104},"12":{"name":"(anonymous_12)","decl":{"start":{"line":105,"column":66},"end":{"line":105,"column":67}},"loc":{"start":{"line":105,"column":79},"end":{"line":105,"column":91}},"line":105},"13":{"name":"(anonymous_13)","decl":{"start":{"line":119,"column":29},"end":{"line":119,"column":30}},"loc":{"start":{"line":119,"column":77},"end":{"line":121,"column":3}},"line":119},"14":{"name":"(anonymous_14)","decl":{"start":{"line":123,"column":50},"end":{"line":123,"column":51}},"loc":{"start":{"line":123,"column":67},"end":{"line":133,"column":3}},"line":123},"15":{"name":"(anonymous_15)","decl":{"start":{"line":154,"column":35},"end":{"line":154,"column":36}},"loc":{"start":{"line":155,"column":12},"end":{"line":161,"column":26}},"line":155},"16":{"name":"(anonymous_16)","decl":{"start":{"line":168,"column":38},"end":{"line":168,"column":39}},"loc":{"start":{"line":169,"column":12},"end":{"line":177,"column":27}},"line":169}},"branchMap":{"0":{"loc":{"start":{"line":34,"column":22},"end":{"line":34,"column":63}},"type":"binary-expr","locations":[{"start":{"line":34,"column":22},"end":{"line":34,"column":52}},{"start":{"line":34,"column":56},"end":{"line":34,"column":63}}],"line":34},"1":{"loc":{"start":{"line":36,"column":26},"end":{"line":36,"column":90}},"type":"binary-expr","locations":[{"start":{"line":36,"column":26},"end":{"line":36,"column":75}},{"start":{"line":36,"column":79},"end":{"line":36,"column":90}}],"line":36},"2":{"loc":{"start":{"line":37,"column":28},"end":{"line":37,"column":89}},"type":"binary-expr","locations":[{"start":{"line":37,"column":28},"end":{"line":37,"column":79}},{"start":{"line":37,"column":83},"end":{"line":37,"column":89}}],"line":37},"3":{"loc":{"start":{"line":39,"column":28},"end":{"line":39,"column":98}},"type":"binary-expr","locations":[{"start":{"line":39,"column":28},"end":{"line":39,"column":83}},{"start":{"line":39,"column":87},"end":{"line":39,"column":98}}],"line":39},"4":{"loc":{"start":{"line":68,"column":22},"end":{"line":68,"column":65}},"type":"binary-expr","locations":[{"start":{"line":68,"column":22},"end":{"line":68,"column":52}},{"start":{"line":68,"column":56},"end":{"line":68,"column":65}}],"line":68},"5":{"loc":{"start":{"line":70,"column":26},"end":{"line":70,"column":89}},"type":"binary-expr","locations":[{"start":{"line":70,"column":26},"end":{"line":70,"column":76}},{"start":{"line":70,"column":80},"end":{"line":70,"column":89}}],"line":70},"6":{"loc":{"start":{"line":71,"column":28},"end":{"line":71,"column":89}},"type":"binary-expr","locations":[{"start":{"line":71,"column":28},"end":{"line":71,"column":80}},{"start":{"line":71,"column":84},"end":{"line":71,"column":89}}],"line":71},"7":{"loc":{"start":{"line":73,"column":28},"end":{"line":73,"column":97}},"type":"binary-expr","locations":[{"start":{"line":73,"column":28},"end":{"line":73,"column":84}},{"start":{"line":73,"column":88},"end":{"line":73,"column":97}}],"line":73},"8":{"loc":{"start":{"line":80,"column":21},"end":{"line":80,"column":71}},"type":"cond-expr","locations":[{"start":{"line":80,"column":49},"end":{"line":80,"column":58}},{"start":{"line":80,"column":61},"end":{"line":80,"column":71}}],"line":80},"9":{"loc":{"start":{"line":124,"column":18},"end":{"line":124,"column":82}},"type":"cond-expr","locations":[{"start":{"line":124,"column":59},"end":{"line":124,"column":77}},{"start":{"line":124,"column":80},"end":{"line":124,"column":82}}],"line":124},"10":{"loc":{"start":{"line":126,"column":4},"end":{"line":132,"column":5}},"type":"if","locations":[{"start":{"line":126,"column":4},"end":{"line":132,"column":5}},{"start":{"line":126,"column":4},"end":{"line":132,"column":5}}],"line":126},"11":{"loc":{"start":{"line":144,"column":19},"end":{"line":144,"column":93}},"type":"cond-expr","locations":[{"start":{"line":144,"column":60},"end":{"line":144,"column":88}},{"start":{"line":144,"column":91},"end":{"line":144,"column":93}}],"line":144},"12":{"loc":{"start":{"line":144,"column":19},"end":{"line":144,"column":57}},"type":"binary-expr","locations":[{"start":{"line":144,"column":19},"end":{"line":144,"column":37}},{"start":{"line":144,"column":41},"end":{"line":144,"column":57}}],"line":144}},"s":{"0":3,"1":3,"2":5,"3":5,"4":5,"5":5,"6":5,"7":3,"8":3,"9":3,"10":3,"11":3,"12":10,"13":10,"14":10,"15":10,"16":10,"17":3,"18":10,"19":3,"20":3,"21":3,"22":3,"23":3,"24":3,"25":5,"26":30,"27":5,"28":5,"29":5,"30":5,"31":5,"32":5,"33":5,"34":0,"35":5,"36":0,"37":0,"38":0,"39":0,"40":5,"41":6,"42":6},"f":{"0":5,"1":5,"2":5,"3":5,"4":5,"5":10,"6":10,"7":10,"8":10,"9":10,"10":10,"11":5,"12":30,"13":0,"14":0,"15":6,"16":6},"b":{"0":[5,0],"1":[5,0],"2":[5,0],"3":[5,0],"4":[10,0],"5":[10,0],"6":[10,0],"7":[10,0],"8":[5,5],"9":[0,0],"10":[0,0],"11":[0,5],"12":[5,5]},"_coverageSchema":"1a1c01bbd47fc00a2c39e90264f33305004495a9","hash":"98aec8d3c9b73f9b50915378881f97a91df58102"}
,"/Users/Shared/jbt/Extend/src/reducers/index.ts": {"path":"/Users/Shared/jbt/Extend/src/reducers/index.ts","statementMap":{"0":{"start":{"line":7,"column":17},"end":{"line":9,"column":2}}},"fnMap":{},"branchMap":{},"s":{"0":2},"f":{},"b":{},"_coverageSchema":"1a1c01bbd47fc00a2c39e90264f33305004495a9","hash":"8c8ba744e09009415aef9dfc542bb91702b6a071"}
,"/Users/Shared/jbt/Extend/src/reducers/user.ts": {"path":"/Users/Shared/jbt/Extend/src/reducers/user.ts","statementMap":{"0":{"start":{"line":7,"column":33},"end":{"line":13,"column":1}},"1":{"start":{"line":16,"column":2},"end":{"line":28,"column":3}},"2":{"start":{"line":18,"column":23},"end":{"line":18,"column":29}},"3":{"start":{"line":19,"column":6},"end":{"line":23,"column":30}},"4":{"start":{"line":20,"column":8},"end":{"line":22,"column":10}},"5":{"start":{"line":23,"column":13},"end":{"line":23,"column":30}},"6":{"start":{"line":26,"column":6},"end":{"line":26,"column":23}}},"fnMap":{"0":{"name":"(anonymous_0)","decl":{"start":{"line":15,"column":15},"end":{"line":15,"column":16}},"loc":{"start":{"line":15,"column":70},"end":{"line":29,"column":1}},"line":15}},"branchMap":{"0":{"loc":{"start":{"line":15,"column":16},"end":{"line":15,"column":39}},"type":"default-arg","locations":[{"start":{"line":15,"column":28},"end":{"line":15,"column":39}}],"line":15},"1":{"loc":{"start":{"line":16,"column":2},"end":{"line":28,"column":3}},"type":"switch","locations":[{"start":{"line":17,"column":4},"end":{"line":24,"column":5}},{"start":{"line":25,"column":4},"end":{"line":27,"column":5}}],"line":16},"2":{"loc":{"start":{"line":19,"column":6},"end":{"line":23,"column":30}},"type":"if","locations":[{"start":{"line":19,"column":6},"end":{"line":23,"column":30}},{"start":{"line":19,"column":6},"end":{"line":23,"column":30}}],"line":19}},"s":{"0":4,"1":10,"2":2,"3":2,"4":1,"5":1,"6":8},"f":{"0":10},"b":{"0":[7],"1":[2,8],"2":[1,1]},"_coverageSchema":"1a1c01bbd47fc00a2c39e90264f33305004495a9","hash":"19df719ddb62402184109314d909405cf41b16cf"}
,"/Users/Shared/jbt/Extend/src/store/index.ts": {"path":"/Users/Shared/jbt/Extend/src/store/index.ts","statementMap":{"0":{"start":{"line":11,"column":14},"end":{"line":11,"column":88}}},"fnMap":{},"branchMap":{},"s":{"0":2},"f":{},"b":{},"_coverageSchema":"1a1c01bbd47fc00a2c39e90264f33305004495a9","hash":"da7b52ca4902468a2ba60d1aea23473eb9747642"}
}
