TN:
SF:src/App.tsx
FN:29,(anonymous_0)
FN:33,(anonymous_1)
FN:37,(anonymous_2)
FN:41,(anonymous_3)
FN:53,(anonymous_4)
FN:73,(anonymous_5)
FN:98,(anonymous_6)
FN:111,(anonymous_7)
FNF:8
FNH:5
FNDA:1,(anonymous_0)
FNDA:1,(anonymous_1)
FNDA:1,(anonymous_2)
FNDA:1,(anonymous_3)
FNDA:1,(anonymous_4)
FNDA:0,(anonymous_5)
FNDA:0,(anonymous_6)
FNDA:0,(anonymous_7)
DA:25,1
DA:29,1
DA:32,1
DA:33,1
DA:37,1
DA:41,1
DA:42,1
DA:43,1
DA:54,1
DA:74,0
DA:99,0
DA:112,0
LF:12
LH:9
BRF:0
BRH:0
end_of_record
TN:
SF:src/index.tsx
FNF:0
FNH:0
DA:12,0
DA:24,0
DA:29,0
LF:3
LH:0
BRF:0
BRH:0
end_of_record
TN:
SF:src/reportWebVitals.ts
FN:3,(anonymous_0)
FN:5,(anonymous_1)
FNF:2
FNH:0
FNDA:0,(anonymous_0)
FNDA:0,(anonymous_1)
DA:3,0
DA:4,0
DA:5,0
DA:6,0
DA:7,0
DA:8,0
DA:9,0
DA:10,0
LF:8
LH:0
BRDA:4,0,0,0
BRDA:4,0,1,0
BRDA:4,1,0,0
BRDA:4,1,1,0
BRF:4
BRH:0
end_of_record
TN:
SF:src/service-worker.ts
FN:33,(anonymous_0)
FN:60,(anonymous_1)
FN:74,(anonymous_2)
FNF:3
FNH:0
FNDA:0,(anonymous_0)
FNDA:0,(anonymous_1)
FNDA:0,(anonymous_2)
DA:19,0
DA:25,0
DA:30,0
DA:31,0
DA:35,0
DA:36,0
DA:40,0
DA:41,0
DA:46,0
DA:47,0
DA:51,0
DA:58,0
DA:60,0
DA:74,0
DA:75,0
DA:76,0
LF:16
LH:0
BRDA:35,0,0,0
BRDA:35,0,1,0
BRDA:40,1,0,0
BRDA:40,1,1,0
BRDA:46,2,0,0
BRDA:46,2,1,0
BRDA:60,3,0,0
BRDA:60,3,1,0
BRDA:75,4,0,0
BRDA:75,4,1,0
BRDA:75,5,0,0
BRDA:75,5,1,0
BRF:12
BRH:0
end_of_record
TN:
SF:src/serviceWorkerRegistration.ts
FN:26,register
FN:37,(anonymous_1)
FN:46,(anonymous_2)
FN:60,registerValidSW
FN:63,(anonymous_4)
FN:64,(anonymous_5)
FN:69,(anonymous_6)
FN:99,(anonymous_7)
FN:104,checkValidServiceWorker
FN:109,(anonymous_9)
FN:117,(anonymous_10)
FN:118,(anonymous_11)
FN:127,(anonymous_12)
FN:132,unregister
FN:135,(anonymous_14)
FN:138,(anonymous_15)
FNF:16
FNH:0
FNDA:0,register
FNDA:0,(anonymous_1)
FNDA:0,(anonymous_2)
FNDA:0,registerValidSW
FNDA:0,(anonymous_4)
FNDA:0,(anonymous_5)
FNDA:0,(anonymous_6)
FNDA:0,(anonymous_7)
FNDA:0,checkValidServiceWorker
FNDA:0,(anonymous_9)
FNDA:0,(anonymous_10)
FNDA:0,(anonymous_11)
FNDA:0,(anonymous_12)
FNDA:0,unregister
FNDA:0,(anonymous_14)
FNDA:0,(anonymous_15)
DA:13,0
DA:27,0
DA:29,0
DA:30,0
DA:34,0
DA:37,0
DA:38,0
DA:40,0
DA:42,0
DA:46,0
DA:47,0
DA:54,0
DA:61,0
DA:64,0
DA:65,0
DA:66,0
DA:67,0
DA:69,0
DA:70,0
DA:71,0
DA:75,0
DA:81,0
DA:82,0
DA:88,0
DA:91,0
DA:92,0
DA:100,0
DA:106,0
DA:111,0
DA:112,0
DA:117,0
DA:118,0
DA:119,0
DA:124,0
DA:128,0
DA:133,0
DA:134,0
DA:136,0
DA:139,0
LF:39
LH:0
BRDA:14,0,0,0
BRDA:14,0,1,0
BRDA:14,0,2,0
BRDA:27,1,0,0
BRDA:27,1,1,0
BRDA:27,2,0,0
BRDA:27,2,1,0
BRDA:30,3,0,0
BRDA:30,3,1,0
BRDA:40,4,0,0
BRDA:40,4,1,0
BRDA:66,5,0,0
BRDA:66,5,1,0
BRDA:70,6,0,0
BRDA:70,6,1,0
BRDA:71,7,0,0
BRDA:71,7,1,0
BRDA:81,8,0,0
BRDA:81,8,1,0
BRDA:81,9,0,0
BRDA:81,9,1,0
BRDA:91,10,0,0
BRDA:91,10,1,0
BRDA:91,11,0,0
BRDA:91,11,1,0
BRDA:112,12,0,0
BRDA:112,12,1,0
BRDA:113,13,0,0
BRDA:113,13,1,0
BRDA:113,13,2,0
BRDA:133,14,0,0
BRDA:133,14,1,0
BRF:32
BRH:0
end_of_record
TN:
SF:src/actions/index.ts
FNF:0
FNH:0
LF:0
LH:0
BRF:0
BRH:0
end_of_record
TN:
SF:src/actions/user.ts
FNF:0
FNH:0
LF:0
LH:0
BRF:0
BRH:0
end_of_record
TN:
SF:src/components/index.ts
FNF:0
FNH:0
LF:0
LH:0
BRF:0
BRH:0
end_of_record
TN:
SF:src/components/BarSeriesCard/BarSeriesCard.tsx
FN:26,(anonymous_0)
FN:31,(anonymous_1)
FNF:2
FNH:2
FNDA:5,(anonymous_0)
FNDA:5,(anonymous_1)
DA:8,9
DA:17,9
DA:21,9
DA:26,9
DA:27,5
DA:28,5
DA:29,5
DA:31,5
DA:34,5
DA:35,5
DA:36,5
DA:39,5
DA:55,9
LF:13
LH:13
BRDA:34,0,0,5
BRDA:34,0,1,0
BRF:2
BRH:1
end_of_record
TN:
SF:src/components/BaseSelect/BaseSelect.tsx
FN:26,(anonymous_0)
FN:27,(anonymous_1)
FN:28,(anonymous_2)
FN:29,(anonymous_3)
FN:30,(anonymous_4)
FN:34,(anonymous_5)
FN:43,(anonymous_6)
FN:49,(anonymous_7)
FN:50,(anonymous_8)
FN:72,(anonymous_9)
FN:78,(anonymous_10)
FN:98,(anonymous_11)
FNF:12
FNH:12
FNDA:11,(anonymous_0)
FNDA:11,(anonymous_1)
FNDA:11,(anonymous_2)
FNDA:11,(anonymous_3)
FNDA:11,(anonymous_4)
FNDA:11,(anonymous_5)
FNDA:11,(anonymous_6)
FNDA:11,(anonymous_7)
FNDA:11,(anonymous_8)
FNDA:11,(anonymous_9)
FNDA:11,(anonymous_10)
FNDA:38,(anonymous_11)
DA:15,9
DA:21,9
DA:26,11
DA:27,11
DA:28,11
DA:29,11
DA:31,11
DA:35,11
DA:43,11
DA:49,11
DA:50,11
DA:63,9
DA:73,11
DA:78,9
DA:85,11
DA:99,38
LF:16
LH:16
BRDA:26,0,0,11
BRDA:26,0,1,0
BRDA:27,1,0,11
BRDA:27,1,1,0
BRDA:28,2,0,11
BRDA:28,2,1,0
BRDA:29,3,0,11
BRDA:29,3,1,0
BRDA:31,4,0,0
BRDA:31,4,1,11
BRDA:31,5,0,11
BRDA:31,5,1,11
BRDA:33,6,0,11
BRDA:33,6,1,0
BRDA:35,7,0,11
BRDA:35,7,1,0
BRDA:36,8,0,0
BRDA:36,8,1,11
BRDA:38,9,0,0
BRDA:38,9,1,11
BRDA:40,10,0,11
BRDA:40,10,1,0
BRDA:43,11,0,0
BRDA:43,11,1,11
BRDA:43,12,0,11
BRDA:43,12,1,11
BRDA:49,13,0,11
BRDA:49,13,1,0
BRDA:50,14,0,11
BRDA:50,14,1,0
BRDA:73,15,0,0
BRDA:73,15,1,11
BRDA:73,16,0,11
BRDA:73,16,1,11
BRDA:75,17,0,11
BRDA:75,17,1,0
BRDA:83,18,0,11
BRDA:93,19,0,11
BRDA:93,19,1,11
BRF:39
BRH:24
end_of_record
TN:
SF:src/components/BaseTable/BaseTable.tsx
FN:25,(anonymous_0)
FN:26,(anonymous_1)
FN:39,(anonymous_2)
FN:41,(anonymous_3)
FN:55,(anonymous_4)
FN:58,(anonymous_5)
FN:59,(anonymous_6)
FN:60,(anonymous_7)
FN:61,(anonymous_8)
FN:75,(anonymous_9)
FN:78,(anonymous_10)
FN:79,(anonymous_11)
FN:80,(anonymous_12)
FN:81,(anonymous_13)
FN:88,(anonymous_14)
FN:94,(anonymous_15)
FN:111,(anonymous_16)
FN:117,(anonymous_17)
FN:118,(anonymous_18)
FN:119,(anonymous_19)
FN:142,(anonymous_20)
FN:156,(anonymous_21)
FN:170,(anonymous_22)
FN:171,(anonymous_23)
FN:188,(anonymous_24)
FN:235,(anonymous_25)
FNF:26
FNH:25
FNDA:8,(anonymous_0)
FNDA:8,(anonymous_1)
FNDA:9,(anonymous_2)
FNDA:9,(anonymous_3)
FNDA:8,(anonymous_4)
FNDA:8,(anonymous_5)
FNDA:8,(anonymous_6)
FNDA:8,(anonymous_7)
FNDA:8,(anonymous_8)
FNDA:9,(anonymous_9)
FNDA:9,(anonymous_10)
FNDA:9,(anonymous_11)
FNDA:9,(anonymous_12)
FNDA:9,(anonymous_13)
FNDA:9,(anonymous_14)
FNDA:9,(anonymous_15)
FNDA:232,(anonymous_16)
FNDA:131,(anonymous_17)
FNDA:131,(anonymous_18)
FNDA:131,(anonymous_19)
FNDA:59,(anonymous_20)
FNDA:0,(anonymous_21)
FNDA:17,(anonymous_22)
FNDA:93,(anonymous_23)
FNDA:17,(anonymous_24)
FNDA:17,(anonymous_25)
DA:18,9
DA:25,8
DA:26,8
DA:33,9
DA:39,9
DA:41,9
DA:51,9
DA:55,8
DA:58,8
DA:59,8
DA:60,8
DA:61,8
DA:73,9
DA:75,9
DA:78,9
DA:79,9
DA:80,9
DA:81,9
DA:87,9
DA:88,9
DA:94,9
DA:99,9
DA:103,9
DA:111,232
DA:114,9
DA:116,9
DA:117,131
DA:118,131
DA:119,131
DA:122,9
DA:133,9
DA:142,9
DA:149,59
DA:154,59
DA:157,0
DA:158,0
DA:160,0
DA:170,9
DA:171,17
DA:172,93
DA:185,17
DA:188,9
DA:197,17
DA:202,17
DA:219,17
DA:232,17
DA:236,17
DA:237,9
DA:244,8
LF:49
LH:46
BRDA:149,0,0,0
BRDA:149,0,1,59
BRDA:151,1,0,0
BRDA:151,1,1,59
BRDA:157,2,0,0
BRDA:157,2,1,0
BRDA:158,3,0,0
BRDA:158,3,1,0
BRDA:174,4,0,59
BRDA:174,4,1,34
BRDA:207,5,0,9
BRDA:207,5,1,8
BRDA:220,6,0,9
BRDA:220,6,1,8
BRDA:222,7,0,9
BRDA:222,7,1,8
BRDA:236,8,0,9
BRDA:236,8,1,8
BRDA:239,9,0,9
BRDA:239,9,1,9
BRF:20
BRH:14
end_of_record
TN:
SF:src/components/Button/index.ts
FN:12,(anonymous_0)
FN:22,(anonymous_1)
FN:33,(anonymous_2)
FN:54,(anonymous_3)
FN:64,(anonymous_4)
FNF:5
FNH:5
FNDA:3,(anonymous_0)
FNDA:3,(anonymous_1)
FNDA:3,(anonymous_2)
FNDA:3,(anonymous_3)
FNDA:3,(anonymous_4)
DA:8,9
DA:13,3
DA:15,1
DA:17,1
DA:19,1
DA:23,3
DA:25,1
DA:27,1
DA:29,1
DA:34,3
DA:36,1
DA:38,1
DA:40,1
DA:55,3
DA:57,1
DA:59,1
DA:61,1
DA:65,3
DA:67,1
DA:69,1
DA:71,1
LF:21
LH:21
BRDA:13,0,0,1
BRDA:13,0,1,1
BRDA:13,0,2,1
BRDA:23,1,0,1
BRDA:23,1,1,1
BRDA:23,1,2,1
BRDA:34,2,0,1
BRDA:34,2,1,1
BRDA:34,2,2,1
BRDA:55,3,0,1
BRDA:55,3,1,1
BRDA:55,3,2,1
BRDA:65,4,0,1
BRDA:65,4,1,1
BRDA:65,4,2,1
BRF:15
BRH:15
end_of_record
TN:
SF:src/components/DashboardMachineCard/DashboardMachineCard.tsx
FN:76,(anonymous_0)
FN:91,(anonymous_1)
FN:92,(anonymous_2)
FN:111,(anonymous_3)
FN:122,(anonymous_4)
FNF:5
FNH:5
FNDA:3,(anonymous_0)
FNDA:12,(anonymous_1)
FNDA:9,(anonymous_2)
FNDA:9,(anonymous_3)
FNDA:6,(anonymous_4)
DA:7,9
DA:19,9
DA:24,9
DA:28,9
DA:33,9
DA:37,9
DA:44,9
DA:48,9
DA:55,9
DA:61,9
DA:65,9
DA:72,9
DA:73,9
DA:74,9
DA:76,9
DA:77,3
DA:91,12
DA:93,9
DA:112,9
DA:123,6
LF:20
LH:20
BRDA:89,0,0,3
BRDA:89,0,1,3
BRDA:99,1,0,3
BRDA:99,1,1,3
BRDA:99,1,2,3
BRF:5
BRH:5
end_of_record
TN:
SF:src/components/DownloadLink/index.ts
FN:16,(anonymous_0)
FNF:1
FNH:1
FNDA:4,(anonymous_0)
DA:7,9
DA:17,4
DA:19,4
DA:21,0
LF:4
LH:3
BRDA:17,0,0,4
BRDA:17,0,1,0
BRF:2
BRH:1
end_of_record
TN:
SF:src/components/FaultHistoryTableComponent/FaultHistoryTableComponent.tsx
FN:36,(anonymous_0)
FN:37,(anonymous_1)
FN:43,(anonymous_2)
FN:49,(anonymous_3)
FN:50,(anonymous_4)
FN:58,renderDateElement
FN:63,(anonymous_6)
FN:111,renderRowExpansion
FN:120,(anonymous_8)
FN:134,(anonymous_9)
FN:141,(anonymous_10)
FN:147,(anonymous_11)
FN:151,(anonymous_12)
FN:164,handleExpand
FN:165,(anonymous_14)
FN:166,(anonymous_15)
FN:172,(anonymous_16)
FN:175,(anonymous_17)
FN:191,(anonymous_18)
FNF:19
FNH:11
FNDA:12,(anonymous_0)
FNDA:26,(anonymous_1)
FNDA:18,(anonymous_2)
FNDA:8,(anonymous_3)
FNDA:8,(anonymous_4)
FNDA:8,renderDateElement
FNDA:8,(anonymous_6)
FNDA:0,renderRowExpansion
FNDA:0,(anonymous_8)
FNDA:8,(anonymous_9)
FNDA:0,(anonymous_10)
FNDA:4,(anonymous_11)
FNDA:0,(anonymous_12)
FNDA:0,handleExpand
FNDA:0,(anonymous_14)
FNDA:0,(anonymous_15)
FNDA:8,(anonymous_16)
FNDA:0,(anonymous_17)
FNDA:16,(anonymous_18)
DA:21,4
DA:25,4
DA:29,4
DA:36,4
DA:37,12
DA:38,26
DA:43,18
DA:49,4
DA:50,8
DA:51,8
DA:59,8
DA:60,8
DA:63,4
DA:64,8
DA:118,0
DA:121,0
DA:126,0
DA:134,4
DA:135,8
DA:136,8
DA:137,8
DA:138,8
DA:139,8
DA:140,8
DA:141,8
DA:142,0
DA:147,8
DA:148,4
DA:151,8
DA:152,0
DA:161,0
DA:165,0
DA:166,0
DA:167,0
DA:168,0
DA:169,0
DA:172,8
DA:173,8
DA:174,4
DA:175,0
DA:180,4
DA:183,8
DA:192,16
LF:43
LH:31
BRDA:41,0,0,26
BRDA:41,0,1,0
BRDA:42,1,0,26
BRDA:42,1,1,0
BRDA:70,2,0,8
BRDA:70,2,1,0
BRDA:80,3,0,0
BRDA:80,3,1,8
BRDA:89,4,0,8
BRDA:89,4,1,0
BRDA:98,5,0,8
BRDA:98,5,1,0
BRDA:119,6,0,0
BRDA:119,6,1,0
BRDA:126,7,0,0
BRDA:126,7,1,0
BRDA:155,8,0,0
BRDA:155,8,1,0
BRDA:157,9,0,0
BRDA:157,9,1,0
BRDA:166,10,0,0
BRDA:166,10,1,0
BRDA:173,11,0,4
BRDA:173,11,1,4
BRDA:173,12,0,8
BRDA:173,12,1,8
BRDA:176,13,0,0
BRDA:176,13,1,4
BRDA:192,14,0,16
BRDA:192,14,1,16
BRF:30
BRH:13
end_of_record
TN:
SF:src/components/FaultHistoryTableComponent/ServiceItemRow.tsx
FN:33,(anonymous_0)
FN:59,capitalizeFirstLetter
FN:63,getIndicatorColor
FN:77,(anonymous_3)
FNF:4
FNH:0
FNDA:0,(anonymous_0)
FNDA:0,capitalizeFirstLetter
FNDA:0,getIndicatorColor
FNDA:0,(anonymous_3)
DA:9,4
DA:17,4
DA:25,4
DA:31,4
DA:33,0
DA:35,4
DA:40,4
DA:43,4
DA:50,4
DA:60,0
DA:64,0
DA:65,0
DA:67,0
DA:69,0
DA:71,0
DA:73,0
DA:77,4
DA:78,0
LF:18
LH:9
BRDA:65,0,0,0
BRDA:65,0,1,0
BRDA:65,0,2,0
BRDA:65,0,3,0
BRDA:94,1,0,0
BRDA:94,1,1,0
BRDA:104,2,0,0
BRDA:104,2,1,0
BRDA:112,3,0,0
BRDA:112,3,1,0
BRDA:114,4,0,0
BRDA:114,4,1,0
BRF:12
BRH:0
end_of_record
TN:
SF:src/components/Gallery/index.tsx
FN:53,Gallery
FN:57,(anonymous_1)
FNF:2
FNH:2
FNDA:2,Gallery
FNDA:4,(anonymous_1)
DA:13,9
DA:15,9
DA:40,9
DA:54,2
DA:58,4
LF:5
LH:5
BRF:0
BRH:0
end_of_record
TN:
SF:src/components/Indicator/index.ts
FN:11,(anonymous_0)
FN:29,(anonymous_1)
FN:31,(anonymous_2)
FNF:3
FNH:3
FNDA:3,(anonymous_0)
FNDA:3,(anonymous_1)
FNDA:3,(anonymous_2)
DA:9,7
DA:11,3
DA:29,3
DA:31,3
LF:4
LH:4
BRF:0
BRH:0
end_of_record
TN:
SF:src/components/LinkCard/LinkCard.tsx
FN:46,(anonymous_0)
FN:48,(anonymous_1)
FN:72,(anonymous_2)
FN:73,(anonymous_3)
FN:74,(anonymous_4)
FN:75,(anonymous_5)
FN:77,(anonymous_6)
FN:94,(anonymous_7)
FN:95,(anonymous_8)
FN:98,(anonymous_9)
FN:99,(anonymous_10)
FN:100,(anonymous_11)
FN:101,(anonymous_12)
FN:103,(anonymous_13)
FN:107,(anonymous_14)
FN:121,(anonymous_15)
FNF:16
FNH:15
FNDA:14,(anonymous_0)
FNDA:14,(anonymous_1)
FNDA:14,(anonymous_2)
FNDA:14,(anonymous_3)
FNDA:14,(anonymous_4)
FNDA:14,(anonymous_5)
FNDA:14,(anonymous_6)
FNDA:14,(anonymous_7)
FNDA:14,(anonymous_8)
FNDA:14,(anonymous_9)
FNDA:14,(anonymous_10)
FNDA:14,(anonymous_11)
FNDA:14,(anonymous_12)
FNDA:14,(anonymous_13)
FNDA:14,(anonymous_14)
FNDA:0,(anonymous_15)
DA:16,9
DA:42,9
DA:46,14
DA:48,14
DA:55,9
DA:71,9
DA:72,14
DA:73,14
DA:74,14
DA:75,14
DA:77,14
DA:81,9
DA:83,9
DA:85,9
DA:94,14
DA:95,14
DA:98,14
DA:99,14
DA:100,14
DA:101,14
DA:103,14
DA:107,9
DA:108,14
DA:122,0
LF:24
LH:23
BRDA:72,0,0,14
BRDA:72,0,1,0
BRDA:74,1,0,14
BRDA:74,1,1,0
BRDA:75,2,0,14
BRDA:75,2,1,0
BRDA:77,3,0,14
BRDA:77,3,1,0
BRDA:98,4,0,14
BRDA:98,4,1,0
BRDA:100,5,0,14
BRDA:100,5,1,0
BRDA:101,6,0,14
BRDA:101,6,1,0
BRDA:103,7,0,14
BRDA:103,7,1,0
BRDA:112,8,0,6
BRDA:112,8,1,8
BRDA:119,9,0,14
BRDA:119,9,1,0
BRDA:119,9,2,0
BRF:21
BRH:11
end_of_record
TN:
SF:src/components/MachinePartsTable/MachinePartsTable.tsx
FN:46,(anonymous_0)
FN:53,(anonymous_1)
FN:67,(anonymous_2)
FN:112,(anonymous_3)
FN:129,(anonymous_4)
FN:158,(anonymous_5)
FN:174,(anonymous_6)
FN:189,(anonymous_7)
FN:198,(anonymous_8)
FN:205,(anonymous_9)
FN:206,(anonymous_10)
FN:228,(anonymous_11)
FN:246,(anonymous_12)
FN:249,(anonymous_13)
FN:262,(anonymous_14)
FN:271,(anonymous_15)
FN:299,(anonymous_16)
FNF:17
FNH:3
FNDA:0,(anonymous_0)
FNDA:0,(anonymous_1)
FNDA:0,(anonymous_2)
FNDA:0,(anonymous_3)
FNDA:4,(anonymous_4)
FNDA:0,(anonymous_5)
FNDA:0,(anonymous_6)
FNDA:0,(anonymous_7)
FNDA:0,(anonymous_8)
FNDA:4,(anonymous_9)
FNDA:0,(anonymous_10)
FNDA:4,(anonymous_11)
FNDA:0,(anonymous_12)
FNDA:0,(anonymous_13)
FNDA:0,(anonymous_14)
FNDA:0,(anonymous_15)
FNDA:0,(anonymous_16)
DA:45,8
DA:46,0
DA:50,8
DA:54,0
DA:61,8
DA:66,8
DA:68,0
DA:75,8
DA:80,8
DA:86,8
DA:91,8
DA:104,8
DA:112,8
DA:113,0
DA:129,8
DA:134,4
DA:159,0
DA:175,0
DA:190,0
DA:199,0
DA:205,8
DA:206,4
DA:207,0
DA:217,8
DA:223,8
DA:225,8
DA:228,8
DA:234,4
DA:235,4
DA:236,4
DA:237,4
DA:239,4
DA:240,4
DA:241,4
DA:243,4
DA:246,4
DA:247,0
DA:249,4
DA:250,0
DA:259,0
DA:262,4
DA:264,0
DA:269,0
DA:271,4
DA:272,0
DA:274,0
DA:276,0
DA:280,4
DA:299,0
LF:49
LH:31
BRDA:54,0,0,0
BRDA:54,0,1,0
BRDA:54,1,0,0
BRDA:54,1,1,0
BRDA:54,1,2,0
BRDA:68,2,0,0
BRDA:68,2,1,0
BRDA:68,3,0,0
BRDA:68,3,1,0
BRDA:68,3,2,0
BRDA:115,4,0,0
BRDA:115,4,1,0
BRDA:117,5,0,0
BRDA:117,5,1,0
BRDA:117,6,0,0
BRDA:117,6,1,0
BRDA:118,7,0,0
BRDA:118,7,1,0
BRDA:140,8,0,4
BRDA:140,8,1,0
BRDA:149,9,0,4
BRDA:149,9,1,0
BRDA:171,10,0,4
BRDA:171,10,1,0
BRDA:177,11,0,0
BRDA:177,11,1,0
BRDA:229,12,0,0
BRDA:232,13,0,2
BRDA:253,14,0,0
BRDA:253,14,1,0
BRDA:255,15,0,0
BRDA:255,15,1,0
BRDA:264,16,0,0
BRDA:264,16,1,0
BRDA:266,17,0,0
BRDA:266,17,1,0
BRDA:272,18,0,0
BRDA:272,18,1,0
BRDA:274,19,0,0
BRDA:274,19,1,0
BRDA:282,20,0,4
BRDA:282,20,1,2
BRDA:296,21,0,0
BRDA:296,21,1,2
BRDA:296,22,0,2
BRDA:296,22,1,2
BRDA:299,23,0,0
BRDA:299,23,1,0
BRDA:307,24,0,0
BRDA:307,24,1,2
BRDA:309,25,0,0
BRDA:309,25,1,2
BRF:52
BRH:11
end_of_record
TN:
SF:src/components/SearchInput/SearchInput.tsx
FN:35,(anonymous_0)
FN:47,(anonymous_1)
FN:49,(anonymous_2)
FN:51,(anonymous_3)
FN:53,(anonymous_4)
FN:54,(anonymous_5)
FN:55,(anonymous_6)
FN:56,(anonymous_7)
FN:62,(anonymous_8)
FN:77,(anonymous_9)
FNF:10
FNH:10
FNDA:9,(anonymous_0)
FNDA:9,(anonymous_1)
FNDA:9,(anonymous_2)
FNDA:9,(anonymous_3)
FNDA:9,(anonymous_4)
FNDA:9,(anonymous_5)
FNDA:9,(anonymous_6)
FNDA:9,(anonymous_7)
FNDA:9,(anonymous_8)
FNDA:9,(anonymous_9)
DA:18,9
DA:24,9
DA:36,9
DA:41,9
DA:47,9
DA:49,9
DA:51,9
DA:53,9
DA:54,9
DA:55,9
DA:57,9
DA:63,9
DA:77,9
DA:83,9
LF:14
LH:14
BRDA:36,0,0,0
BRDA:36,0,1,9
BRDA:36,1,0,9
BRDA:36,1,1,9
BRDA:51,2,0,0
BRDA:51,2,1,9
BRDA:51,3,0,9
BRDA:51,3,1,9
BRDA:57,4,0,0
BRDA:57,4,1,9
BRDA:57,5,0,9
BRDA:57,5,1,9
BRDA:59,6,0,0
BRDA:59,6,1,9
BRDA:61,7,0,9
BRDA:61,7,1,0
BRDA:63,8,0,9
BRDA:63,8,1,0
BRDA:64,9,0,0
BRDA:64,9,1,9
BRDA:66,10,0,0
BRDA:66,10,1,9
BRDA:68,11,0,9
BRDA:68,11,1,0
BRDA:81,12,0,9
BRF:25
BRH:16
end_of_record
TN:
SF:src/components/SidebarNav/SidebarNav.tsx
FN:35,(anonymous_0)
FN:41,(anonymous_1)
FNF:2
FNH:2
FNDA:4,(anonymous_0)
FNDA:10,(anonymous_1)
DA:8,8
DA:20,8
DA:35,8
DA:36,4
DA:42,10
LF:5
LH:5
BRF:0
BRH:0
end_of_record
TN:
SF:src/components/SidenavItem/SidenavItem.tsx
FN:24,(anonymous_0)
FN:28,(anonymous_1)
FN:29,(anonymous_2)
FN:31,(anonymous_3)
FN:56,(anonymous_4)
FN:63,(anonymous_5)
FN:64,(anonymous_6)
FN:65,(anonymous_7)
FN:66,(anonymous_8)
FN:67,(anonymous_9)
FN:95,(anonymous_10)
FN:109,(anonymous_11)
FN:112,(anonymous_12)
FN:116,(anonymous_13)
FN:124,(anonymous_14)
FN:127,(anonymous_15)
FN:130,(anonymous_16)
FN:148,(anonymous_17)
FN:160,(anonymous_18)
FNF:19
FNH:15
FNDA:21,(anonymous_0)
FNDA:21,(anonymous_1)
FNDA:21,(anonymous_2)
FNDA:21,(anonymous_3)
FNDA:21,(anonymous_4)
FNDA:21,(anonymous_5)
FNDA:21,(anonymous_6)
FNDA:21,(anonymous_7)
FNDA:21,(anonymous_8)
FNDA:21,(anonymous_9)
FNDA:26,(anonymous_10)
FNDA:26,(anonymous_11)
FNDA:38,(anonymous_12)
FNDA:18,(anonymous_13)
FNDA:1,(anonymous_14)
FNDA:0,(anonymous_15)
FNDA:0,(anonymous_16)
FNDA:0,(anonymous_17)
FNDA:0,(anonymous_18)
DA:11,9
DA:22,9
DA:24,21
DA:28,21
DA:30,21
DA:31,21
DA:34,9
DA:52,9
DA:56,21
DA:62,9
DA:63,21
DA:64,21
DA:65,21
DA:66,21
DA:67,21
DA:72,9
DA:78,9
DA:90,9
DA:95,9
DA:104,26
DA:105,26
DA:106,26
DA:107,26
DA:108,26
DA:109,26
DA:110,26
DA:112,26
DA:113,38
DA:116,26
DA:117,18
DA:119,26
DA:125,1
DA:128,0
DA:131,0
DA:149,0
DA:161,0
LF:36
LH:32
BRDA:24,0,0,0
BRDA:24,0,1,21
BRDA:28,1,0,0
BRDA:28,1,1,21
BRDA:30,2,0,6
BRDA:30,2,1,15
BRDA:30,3,0,21
BRDA:30,3,1,6
BRDA:31,4,0,0
BRDA:31,4,1,21
BRDA:110,5,0,8
BRDA:110,5,1,18
BRDA:110,6,0,26
BRDA:110,6,1,18
BRDA:113,7,0,10
BRDA:113,7,1,28
BRDA:113,8,0,38
BRDA:113,8,1,28
BRDA:135,9,0,18
BRDA:135,9,1,8
BRDA:136,10,0,6
BRDA:136,10,1,12
BRDA:145,11,0,6
BRDA:145,11,1,20
BRDA:153,12,0,0
BRDA:153,12,1,6
BRDA:158,13,0,0
BRDA:158,13,1,26
BRDA:158,14,0,26
BRDA:158,14,1,3
BRF:30
BRH:25
end_of_record
TN:
SF:src/components/ThresholdBarGraph/ThresholdBarGraph.tsx
FN:8,thresholdToLineData
FN:9,(anonymous_1)
FN:16,getReadingColor
FN:23,(anonymous_3)
FN:47,(anonymous_4)
FNF:5
FNH:5
FNDA:1,thresholdToLineData
FNDA:12,(anonymous_1)
FNDA:24,getReadingColor
FNDA:6,(anonymous_3)
FNDA:24,(anonymous_4)
DA:9,1
DA:10,12
DA:17,24
DA:18,0
DA:20,24
DA:23,10
DA:30,6
DA:47,24
DA:68,10
LF:9
LH:8
BRDA:16,0,0,24
BRDA:17,1,0,0
BRDA:17,1,1,24
BRDA:18,2,0,0
BRDA:18,2,1,0
BRDA:20,3,0,14
BRDA:20,3,1,10
BRDA:32,4,0,1
BRDA:32,4,1,5
BRDA:32,5,0,6
BRDA:32,5,1,1
BRF:11
BRH:8
end_of_record
TN:
SF:src/constants/nav.ts
FNF:0
FNH:0
DA:7,1
LF:1
LH:1
BRF:0
BRH:0
end_of_record
TN:
SF:src/constants/routes.ts
FNF:0
FNH:0
DA:1,4
LF:1
LH:1
BRF:0
BRH:0
end_of_record
TN:
SF:src/constants/testdata.ts
FNF:0
FNH:0
DA:13,6
DA:43,6
DA:48,6
DA:82,6
DA:145,6
DA:175,6
DA:274,6
LF:7
LH:7
BRF:0
BRH:0
end_of_record
TN:
SF:src/helpers/currency.ts
FN:2,(anonymous_0)
FNF:1
FNH:1
FNDA:3,(anonymous_0)
DA:5,3
DA:9,3
LF:2
LH:2
BRDA:2,0,0,3
BRF:1
BRH:1
end_of_record
TN:
SF:src/helpers/dates.ts
FN:1,pad
FN:9,formatMilliseconds
FN:32,formatDate
FNF:3
FNH:3
FNDA:71,pad
FNDA:27,formatMilliseconds
FNDA:40,formatDate
DA:2,71
DA:10,27
DA:12,27
DA:13,27
DA:14,27
DA:15,27
DA:17,27
DA:18,17
DA:19,17
DA:22,27
DA:23,17
DA:24,17
DA:26,27
DA:27,17
DA:28,10
DA:29,10
DA:33,40
DA:34,27
DA:37,13
DA:39,1
DA:45,11
DA:51,1
DA:59,0
LF:23
LH:22
BRDA:17,0,0,17
BRDA:17,0,1,10
BRDA:22,1,0,17
BRDA:22,1,1,10
BRDA:22,2,0,27
BRDA:22,2,1,17
BRDA:26,3,0,17
BRDA:26,3,1,10
BRDA:26,4,0,27
BRDA:26,4,1,17
BRDA:27,5,0,17
BRDA:27,5,1,0
BRDA:28,6,0,0
BRDA:28,6,1,10
BRDA:28,7,0,0
BRDA:28,7,1,0
BRDA:29,8,0,10
BRDA:29,8,1,0
BRDA:32,9,0,26
BRDA:33,10,0,27
BRDA:33,10,1,13
BRDA:37,11,0,1
BRDA:37,11,1,11
BRDA:37,11,2,1
BRDA:37,11,3,0
BRF:25
BRH:19
end_of_record
TN:
SF:src/helpers/index.ts
FNF:0
FNH:0
LF:0
LH:0
BRF:0
BRH:0
end_of_record
TN:
SF:src/helpers/lists.ts
FN:2,(anonymous_0)
FNF:1
FNH:1
FNDA:8,(anonymous_0)
DA:2,16
DA:3,8
LF:2
LH:2
BRF:0
BRH:0
end_of_record
TN:
SF:src/helpers/object.ts
FN:1,(anonymous_0)
FN:8,(anonymous_1)
FNF:2
FNH:2
FNDA:52,(anonymous_0)
FNDA:76,(anonymous_1)
DA:1,16
DA:5,52
DA:8,16
DA:12,76
LF:4
LH:4
BRF:0
BRH:0
end_of_record
TN:
SF:src/hooks/index.ts
FNF:0
FNH:0
LF:0
LH:0
BRF:0
BRH:0
end_of_record
TN:
SF:src/hooks/useFilter.ts
FN:9,(anonymous_0)
FN:10,(anonymous_1)
FN:11,(anonymous_2)
FN:24,(anonymous_3)
FN:27,(anonymous_4)
FNF:5
FNH:5
FNDA:11,(anonymous_0)
FNDA:21,(anonymous_1)
FNDA:21,(anonymous_2)
FNDA:18,(anonymous_3)
FNDA:11,(anonymous_4)
DA:9,11
DA:10,11
DA:11,21
DA:12,21
DA:20,11
DA:24,11
DA:25,18
DA:27,18
DA:28,11
DA:31,18
LF:10
LH:10
BRDA:12,0,0,3
BRDA:12,0,1,18
BRDA:13,1,0,3
BRDA:13,1,1,3
BRDA:13,1,2,3
BRF:5
BRH:5
end_of_record
TN:
SF:src/hooks/useSearch.ts
FN:9,(anonymous_0)
FN:14,(anonymous_1)
FN:19,(anonymous_2)
FN:24,(anonymous_3)
FN:34,(anonymous_4)
FN:41,(anonymous_5)
FNF:6
FNH:5
FNDA:9,(anonymous_0)
FNDA:36,(anonymous_1)
FNDA:50,(anonymous_2)
FNDA:0,(anonymous_3)
FNDA:20,(anonymous_4)
FNDA:9,(anonymous_5)
DA:9,11
DA:14,9
DA:16,36
DA:18,36
DA:19,50
DA:23,0
DA:24,0
DA:29,9
DA:34,11
DA:39,20
DA:41,20
DA:42,9
DA:45,20
LF:13
LH:11
BRDA:16,0,0,36
BRDA:16,0,1,0
BRDA:19,1,0,50
BRDA:19,1,1,38
BRDA:24,2,0,0
BRDA:24,2,1,0
BRF:6
BRH:3
end_of_record
TN:
SF:src/hooks/useSort.ts
FN:9,(anonymous_0)
FN:15,(anonymous_1)
FN:16,(anonymous_2)
FN:49,(anonymous_3)
FN:52,(anonymous_4)
FNF:5
FNH:5
FNDA:11,(anonymous_0)
FNDA:39,(anonymous_1)
FNDA:40,(anonymous_2)
FNDA:16,(anonymous_3)
FNDA:11,(anonymous_4)
DA:9,11
DA:13,11
DA:15,11
DA:16,39
DA:17,40
DA:18,33
DA:19,33
DA:20,33
DA:21,33
DA:30,0
DA:32,0
DA:33,0
DA:35,0
DA:37,0
DA:39,7
DA:44,11
DA:49,11
DA:50,16
DA:52,16
DA:53,11
DA:56,16
LF:21
LH:16
BRDA:17,0,0,33
BRDA:17,0,1,7
BRDA:17,1,0,40
BRDA:17,1,1,33
BRDA:20,2,0,33
BRDA:20,2,1,0
BRDA:20,3,0,33
BRDA:20,3,1,33
BRDA:21,4,0,2
BRDA:21,4,1,31
BRDA:22,5,0,2
BRDA:22,5,1,0
BRDA:25,6,0,0
BRDA:25,6,1,31
BRDA:26,7,0,0
BRDA:26,7,1,0
BRDA:30,8,0,0
BRDA:30,8,1,0
BRDA:32,9,0,0
BRDA:32,9,1,0
BRDA:33,10,0,0
BRDA:33,10,1,0
BRDA:35,11,0,0
BRDA:35,11,1,0
BRF:24
BRH:11
end_of_record
TN:
SF:src/icons/index.tsx
FN:3,(anonymous_0)
FN:69,(anonymous_1)
FN:113,(anonymous_2)
FN:154,(anonymous_3)
FN:190,(anonymous_4)
FN:244,(anonymous_5)
FNF:6
FNH:6
FNDA:3,(anonymous_0)
FNDA:6,(anonymous_1)
FNDA:6,(anonymous_2)
FNDA:6,(anonymous_3)
FNDA:3,(anonymous_4)
FNDA:6,(anonymous_5)
DA:3,2
DA:4,3
DA:69,2
DA:70,6
DA:113,2
DA:114,6
DA:154,2
DA:155,6
DA:190,2
DA:191,3
DA:244,2
DA:245,6
LF:12
LH:12
BRDA:59,0,0,1
BRDA:59,0,1,2
BRDA:86,1,0,4
BRDA:86,1,1,2
BRDA:95,2,0,4
BRDA:95,2,1,2
BRDA:101,3,0,4
BRDA:101,3,1,2
BRDA:136,4,0,4
BRDA:136,4,1,2
BRDA:141,5,0,4
BRDA:141,5,1,2
BRDA:175,6,0,4
BRDA:175,6,1,2
BRDA:177,7,0,4
BRDA:177,7,1,2
BRDA:221,8,0,1
BRDA:221,8,1,2
BRDA:261,9,0,4
BRDA:261,9,1,2
BRDA:267,10,0,4
BRDA:267,10,1,2
BRDA:273,11,0,4
BRDA:273,11,1,2
BRDA:279,12,0,4
BRDA:279,12,1,2
BRDA:286,13,0,4
BRDA:286,13,1,2
BRDA:292,14,0,4
BRDA:292,14,1,2
BRDA:299,15,0,4
BRDA:299,15,1,2
BRF:32
BRH:32
end_of_record
TN:
SF:src/middleware/index.ts
FNF:0
FNH:0
LF:0
LH:0
BRF:0
BRH:0
end_of_record
TN:
SF:src/middleware/user.ts
FN:10,(anonymous_0)
FN:10,(anonymous_1)
FN:10,(anonymous_2)
FNF:3
FNH:3
FNDA:5,(anonymous_0)
FNDA:5,(anonymous_1)
FNDA:3,(anonymous_2)
DA:10,5
DA:11,3
DA:12,3
DA:15,1
DA:22,1
DA:31,2
LF:6
LH:6
BRDA:12,0,0,1
BRDA:12,0,1,2
BRF:2
BRH:2
end_of_record
TN:
SF:src/pages/index.ts
FNF:0
FNH:0
LF:0
LH:0
BRF:0
BRH:0
end_of_record
TN:
SF:src/pages/MaintenanceHealthDashboard/index.tsx
FN:25,(anonymous_0)
FN:35,(anonymous_1)
FNF:2
FNH:2
FNDA:1,(anonymous_0)
FNDA:2,(anonymous_1)
DA:9,2
DA:13,2
DA:21,2
DA:25,2
DA:26,1
DA:27,1
DA:36,2
LF:7
LH:7
BRF:0
BRH:0
end_of_record
TN:
SF:src/pages/MaintenanceHealthDashboardDetail/index.tsx
FN:35,(anonymous_0)
FN:39,(anonymous_1)
FN:55,(anonymous_2)
FNF:3
FNH:3
FNDA:1,(anonymous_0)
FNDA:2,(anonymous_1)
FNDA:4,(anonymous_2)
DA:11,3
DA:19,3
DA:23,3
DA:30,3
DA:35,3
DA:37,1
DA:39,2
DA:40,1
DA:55,4
LF:9
LH:9
BRF:0
BRH:0
end_of_record
TN:
SF:src/pages/PartDetail/PlaceOrder.tsx
FN:44,StockIndicator
FN:61,LocationRadio
FN:69,(anonymous_2)
FN:148,LeadTime
FNF:4
FNH:4
FNDA:1,StockIndicator
FNDA:2,LocationRadio
FNDA:6,(anonymous_2)
FNDA:1,LeadTime
DA:14,4
DA:17,4
DA:26,4
DA:45,1
DA:46,1
DA:47,1
DA:48,1
DA:49,1
DA:52,1
DA:62,2
DA:70,6
DA:78,4
DA:82,4
DA:92,4
DA:105,4
DA:110,4
DA:114,4
DA:119,4
DA:132,4
DA:149,1
DA:150,1
DA:154,4
LF:22
LH:22
BRDA:47,0,0,1
BRDA:47,0,1,0
BRF:2
BRH:1
end_of_record
TN:
SF:src/pages/PartDetail/index.tsx
FN:67,PartDetail
FN:121,(anonymous_1)
FN:129,(anonymous_2)
FNF:3
FNH:3
FNDA:1,PartDetail
FNDA:5,(anonymous_1)
FNDA:2,(anonymous_2)
DA:38,3
DA:45,3
DA:51,3
DA:58,3
DA:59,3
DA:68,1
DA:71,1
DA:72,1
DA:98,1
DA:122,5
DA:130,2
LF:11
LH:11
BRF:0
BRH:0
end_of_record
TN:
SF:src/pages/PartsCatalogPage/PartsCatalogPage.tsx
FN:34,(anonymous_0)
FN:35,(anonymous_1)
FN:36,(anonymous_2)
FN:37,(anonymous_3)
FN:39,(anonymous_4)
FN:68,(anonymous_5)
FN:69,(anonymous_6)
FN:70,(anonymous_7)
FN:71,(anonymous_8)
FN:73,(anonymous_9)
FN:80,(anonymous_10)
FN:104,(anonymous_11)
FN:105,(anonymous_12)
FN:119,(anonymous_13)
FN:123,(anonymous_14)
FN:154,(anonymous_15)
FN:168,(anonymous_16)
FNF:17
FNH:15
FNDA:5,(anonymous_0)
FNDA:5,(anonymous_1)
FNDA:5,(anonymous_2)
FNDA:5,(anonymous_3)
FNDA:5,(anonymous_4)
FNDA:10,(anonymous_5)
FNDA:10,(anonymous_6)
FNDA:10,(anonymous_7)
FNDA:10,(anonymous_8)
FNDA:10,(anonymous_9)
FNDA:10,(anonymous_10)
FNDA:5,(anonymous_11)
FNDA:30,(anonymous_12)
FNDA:0,(anonymous_13)
FNDA:0,(anonymous_14)
FNDA:6,(anonymous_15)
FNDA:6,(anonymous_16)
DA:29,3
DA:33,3
DA:34,5
DA:35,5
DA:36,5
DA:37,5
DA:39,5
DA:43,3
DA:51,3
DA:57,3
DA:63,3
DA:67,3
DA:68,10
DA:69,10
DA:70,10
DA:71,10
DA:73,10
DA:77,3
DA:80,10
DA:83,3
DA:88,3
DA:95,3
DA:100,3
DA:101,3
DA:104,3
DA:105,30
DA:106,5
DA:107,5
DA:109,5
DA:110,5
DA:112,5
DA:117,5
DA:119,5
DA:120,0
DA:123,5
DA:124,0
DA:126,0
DA:128,0
DA:135,5
DA:155,6
DA:169,6
LF:41
LH:37
BRDA:34,0,0,5
BRDA:34,0,1,0
BRDA:36,1,0,5
BRDA:36,1,1,0
BRDA:37,2,0,5
BRDA:37,2,1,0
BRDA:39,3,0,5
BRDA:39,3,1,0
BRDA:68,4,0,10
BRDA:68,4,1,0
BRDA:70,5,0,10
BRDA:70,5,1,0
BRDA:71,6,0,10
BRDA:71,6,1,0
BRDA:73,7,0,10
BRDA:73,7,1,0
BRDA:80,8,0,5
BRDA:80,8,1,5
BRDA:124,9,0,0
BRDA:124,9,1,0
BRDA:126,10,0,0
BRDA:126,10,1,0
BRDA:144,11,0,0
BRDA:144,11,1,5
BRDA:144,12,0,5
BRDA:144,12,1,5
BRF:26
BRH:13
end_of_record
TN:
SF:src/reducers/index.ts
FNF:0
FNH:0
DA:7,2
LF:1
LH:1
BRF:0
BRH:0
end_of_record
TN:
SF:src/reducers/user.ts
FN:15,(anonymous_0)
FNF:1
FNH:1
FNDA:10,(anonymous_0)
DA:7,4
DA:16,10
DA:18,2
DA:19,2
DA:20,1
DA:23,1
DA:26,8
LF:7
LH:7
BRDA:15,0,0,7
BRDA:16,1,0,2
BRDA:16,1,1,8
BRDA:19,2,0,1
BRDA:19,2,1,1
BRF:5
BRH:5
end_of_record
TN:
SF:src/store/index.ts
FNF:0
FNH:0
DA:11,2
LF:1
LH:1
BRF:0
BRH:0
end_of_record
